TpTrace Verbose: 0 : 19360, 1, 2022/01/09, 23:04:18.971, 19866069266722, vstest.console.dll, Version: 16.11.0
TpTrace Information: 0 : 19360, 1, 2022/01/09, 23:04:19.030, 19866069754147, vstest.console.dll, FilePatternParser: The given file C:\Users\asus\Documents\GitHub\Theatre\TheatreOfDreams\ToD.Tests\bin\Debug\netcoreapp3.1\fine-code-coverage\build-output\ToD.Tests.dll is a full path.
TpTrace Verbose: 0 : 19360, 1, 2022/01/09, 23:04:19.076, 19866070208904, vstest.console.dll, TestPluginCache.DiscoverTestExtensions: finding test extensions in assemblies ends with: RuntimeProvider.dll TPluginInfo: Microsoft.VisualStudio.TestPlatform.Common.ExtensionFramework.Utilities.TestRuntimePluginInformation TExtension: Microsoft.VisualStudio.TestPlatform.ObjectModel.Host.ITestRuntimeProvider
TpTrace Verbose: 0 : 19360, 1, 2022/01/09, 23:04:19.081, 19866070266290, vstest.console.dll, TestPluginCache.GetExtensionPaths: Filtered extension paths: 
TpTrace Verbose: 0 : 19360, 1, 2022/01/09, 23:04:19.082, 19866070275379, vstest.console.dll, TestPluginCache.GetExtensionPaths: Added default extension paths: C:\Program Files\dotnet\sdk\5.0.404\Extensions\Microsoft.Diagnostics.NETCore.Client.dll
C:\Program Files\dotnet\sdk\5.0.404\Extensions\Microsoft.TestPlatform.Extensions.BlameDataCollector.dll
C:\Program Files\dotnet\sdk\5.0.404\Extensions\Microsoft.TestPlatform.Extensions.EventLogCollector.dll
C:\Program Files\dotnet\sdk\5.0.404\Extensions\Microsoft.TestPlatform.TestHostRuntimeProvider.dll
C:\Program Files\dotnet\sdk\5.0.404\Extensions\Microsoft.VisualStudio.TestPlatform.Extensions.Html.TestLogger.dll
C:\Program Files\dotnet\sdk\5.0.404\Extensions\Microsoft.VisualStudio.TestPlatform.Extensions.Trx.TestLogger.dll
TpTrace Verbose: 0 : 19360, 1, 2022/01/09, 23:04:19.083, 19866070277680, vstest.console.dll, TestPluginCache.GetExtensionPaths: Added unfilterableExtensionPaths: 
TpTrace Information: 0 : 19360, 1, 2022/01/09, 23:04:19.086, 19866070308551, vstest.console.dll, AssemblyResolver.ctor: Creating AssemblyResolver with searchDirectories C:\Program Files\dotnet\sdk\5.0.404\Extensions,C:\Program Files\dotnet\sdk\5.0.404
TpTrace Verbose: 0 : 19360, 1, 2022/01/09, 23:04:19.091, 19866070363548, vstest.console.dll, TestPluginCache.DiscoverTestExtensions: Discovering the extensions using extension path.
TpTrace Verbose: 0 : 19360, 1, 2022/01/09, 23:04:19.092, 19866070368621, vstest.console.dll, TestPluginCache.GetExtensionPaths: Filtered extension paths: 
TpTrace Verbose: 0 : 19360, 1, 2022/01/09, 23:04:19.092, 19866070370975, vstest.console.dll, TestPluginCache.GetExtensionPaths: Added default extension paths: C:\Program Files\dotnet\sdk\5.0.404\Extensions\Microsoft.Diagnostics.NETCore.Client.dll
C:\Program Files\dotnet\sdk\5.0.404\Extensions\Microsoft.TestPlatform.Extensions.BlameDataCollector.dll
C:\Program Files\dotnet\sdk\5.0.404\Extensions\Microsoft.TestPlatform.Extensions.EventLogCollector.dll
C:\Program Files\dotnet\sdk\5.0.404\Extensions\Microsoft.TestPlatform.TestHostRuntimeProvider.dll
C:\Program Files\dotnet\sdk\5.0.404\Extensions\Microsoft.VisualStudio.TestPlatform.Extensions.Html.TestLogger.dll
C:\Program Files\dotnet\sdk\5.0.404\Extensions\Microsoft.VisualStudio.TestPlatform.Extensions.Trx.TestLogger.dll
TpTrace Verbose: 0 : 19360, 1, 2022/01/09, 23:04:19.092, 19866070372452, vstest.console.dll, TestPluginCache.GetExtensionPaths: Added unfilterableExtensionPaths: 
TpTrace Verbose: 0 : 19360, 1, 2022/01/09, 23:04:19.092, 19866070375286, vstest.console.dll, TestPluginCache.DiscoverTestExtensions: Discovering the extensions using allExtensionPaths: C:\Program Files\dotnet\sdk\5.0.404\Extensions\Microsoft.Diagnostics.NETCore.Client.dll
C:\Program Files\dotnet\sdk\5.0.404\Extensions\Microsoft.TestPlatform.Extensions.BlameDataCollector.dll
C:\Program Files\dotnet\sdk\5.0.404\Extensions\Microsoft.TestPlatform.Extensions.EventLogCollector.dll
C:\Program Files\dotnet\sdk\5.0.404\Extensions\Microsoft.TestPlatform.TestHostRuntimeProvider.dll
C:\Program Files\dotnet\sdk\5.0.404\Extensions\Microsoft.VisualStudio.TestPlatform.Extensions.Html.TestLogger.dll
C:\Program Files\dotnet\sdk\5.0.404\Extensions\Microsoft.VisualStudio.TestPlatform.Extensions.Trx.TestLogger.dll
TpTrace Information: 0 : 19360, 1, 2022/01/09, 23:04:19.093, 19866070383399, vstest.console.dll, AssemblyResolver.AddSearchDirectories: Adding more searchDirectories C:\Program Files\dotnet\sdk\5.0.404\Extensions,C:\Program Files\dotnet\sdk\5.0.404
TpTrace Information: 0 : 19360, 1, 2022/01/09, 23:04:19.094, 19866070393351, vstest.console.dll, AssemblyResolver.AddSearchDirectories: Adding more searchDirectories C:\Program Files\dotnet\sdk\5.0.404\Extensions,C:\Program Files\dotnet\sdk\5.0.404
TpTrace Information: 0 : 19360, 1, 2022/01/09, 23:04:19.094, 19866070395967, vstest.console.dll, AssemblyResolver.AddSearchDirectories: Adding more searchDirectories C:\Program Files\dotnet\sdk\5.0.404\Extensions,C:\Program Files\dotnet\sdk\5.0.404
TpTrace Information: 0 : 19360, 1, 2022/01/09, 23:04:19.095, 19866070397623, vstest.console.dll, AssemblyResolver.AddSearchDirectories: Adding more searchDirectories C:\Program Files\dotnet\sdk\5.0.404\Extensions,C:\Program Files\dotnet\sdk\5.0.404
TpTrace Information: 0 : 19360, 1, 2022/01/09, 23:04:19.095, 19866070400372, vstest.console.dll, AssemblyResolver.AddSearchDirectories: Adding more searchDirectories C:\Program Files\dotnet\sdk\5.0.404\Extensions,C:\Program Files\dotnet\sdk\5.0.404
TpTrace Information: 0 : 19360, 1, 2022/01/09, 23:04:19.095, 19866070401873, vstest.console.dll, AssemblyResolver.AddSearchDirectories: Adding more searchDirectories C:\Program Files\dotnet\sdk\5.0.404\Extensions,C:\Program Files\dotnet\sdk\5.0.404
TpTrace Information: 0 : 19360, 1, 2022/01/09, 23:04:19.098, 19866070428430, vstest.console.dll, AssemblyResolver.OnResolve: Microsoft.Diagnostics.NETCore.Client: Resolving assembly.
TpTrace Information: 0 : 19360, 1, 2022/01/09, 23:04:19.098, 19866070433790, vstest.console.dll, AssemblyResolver.OnResolve: Microsoft.Diagnostics.NETCore.Client: Searching in: 'C:\Program Files\dotnet\sdk\5.0.404\Extensions'.
TpTrace Information: 0 : 19360, 1, 2022/01/09, 23:04:19.102, 19866070471590, vstest.console.dll, AssemblyResolver.OnResolve: Microsoft.Diagnostics.NETCore.Client: Loading assembly 'C:\Program Files\dotnet\sdk\5.0.404\Extensions\Microsoft.Diagnostics.NETCore.Client.dll'.
TpTrace Information: 0 : 19360, 1, 2022/01/09, 23:04:19.106, 19866070509607, vstest.console.dll, AssemblyResolver.OnResolve: Resolved assembly: Microsoft.Diagnostics.NETCore.Client, from path: C:\Program Files\dotnet\sdk\5.0.404\Extensions\Microsoft.Diagnostics.NETCore.Client.dll
TpTrace Information: 0 : 19360, 1, 2022/01/09, 23:04:19.123, 19866070678020, vstest.console.dll, AssemblyResolver.OnResolve: Microsoft.Bcl.AsyncInterfaces: Resolving assembly.
TpTrace Information: 0 : 19360, 1, 2022/01/09, 23:04:19.123, 19866070681264, vstest.console.dll, AssemblyResolver.OnResolve: Microsoft.Bcl.AsyncInterfaces: Searching in: 'C:\Program Files\dotnet\sdk\5.0.404\Extensions'.
TpTrace Information: 0 : 19360, 1, 2022/01/09, 23:04:19.123, 19866070683769, vstest.console.dll, AssemblyResolver.OnResolve: Microsoft.Bcl.AsyncInterfaces: Assembly path does not exist: 'C:\Program Files\dotnet\sdk\5.0.404\Extensions\Microsoft.Bcl.AsyncInterfaces.dll', returning.
TpTrace Information: 0 : 19360, 1, 2022/01/09, 23:04:19.123, 19866070685832, vstest.console.dll, AssemblyResolver.OnResolve: Microsoft.Bcl.AsyncInterfaces: Assembly path does not exist: 'C:\Program Files\dotnet\sdk\5.0.404\Extensions\Microsoft.Bcl.AsyncInterfaces.exe', returning.
TpTrace Information: 0 : 19360, 1, 2022/01/09, 23:04:19.124, 19866070687170, vstest.console.dll, AssemblyResolver.OnResolve: Microsoft.Bcl.AsyncInterfaces: Searching in: 'C:\Program Files\dotnet\sdk\5.0.404'.
TpTrace Information: 0 : 19360, 1, 2022/01/09, 23:04:19.124, 19866070689851, vstest.console.dll, AssemblyResolver.OnResolve: Microsoft.Bcl.AsyncInterfaces: Assembly path does not exist: 'C:\Program Files\dotnet\sdk\5.0.404\Microsoft.Bcl.AsyncInterfaces.dll', returning.
TpTrace Information: 0 : 19360, 1, 2022/01/09, 23:04:19.124, 19866070692339, vstest.console.dll, AssemblyResolver.OnResolve: Microsoft.Bcl.AsyncInterfaces: Assembly path does not exist: 'C:\Program Files\dotnet\sdk\5.0.404\Microsoft.Bcl.AsyncInterfaces.exe', returning.
TpTrace Information: 0 : 19360, 1, 2022/01/09, 23:04:19.124, 19866070694987, vstest.console.dll, AssemblyResolver.OnResolve: Microsoft.Bcl.AsyncInterfaces: Failed to load assembly.
TpTrace Verbose: 0 : 19360, 1, 2022/01/09, 23:04:19.125, 19866070696949, vstest.console.dll, CurrentDomainAssemblyResolve: Resolving assembly 'Microsoft.Bcl.AsyncInterfaces'.
TpTrace Information: 0 : 19360, 1, 2022/01/09, 23:04:19.125, 19866070699958, vstest.console.dll, AssemblyResolver.OnResolve: Microsoft.Bcl.AsyncInterfaces: Resolving assembly.
TpTrace Information: 0 : 19360, 1, 2022/01/09, 23:04:19.125, 19866070706486, vstest.console.dll, AssemblyResolver.OnResolve: Microsoft.Bcl.AsyncInterfaces: Resolved from cache.
TpTrace Verbose: 0 : 19360, 1, 2022/01/09, 23:04:19.126, 19866070708489, vstest.console.dll, CurrentDomainAssemblyResolve: Resolving assembly 'Microsoft.Bcl.AsyncInterfaces'.
TpTrace Verbose: 0 : 19360, 1, 2022/01/09, 23:04:19.126, 19866070710441, vstest.console.dll, CurrentDomainAssemblyResolve: Failed to resolve assembly 'Microsoft.Bcl.AsyncInterfaces'.
TpTrace Verbose: 0 : 19360, 1, 2022/01/09, 23:04:19.134, 19866070789806, vstest.console.dll, CurrentDomainAssemblyResolve: Failed to resolve assembly 'Microsoft.Bcl.AsyncInterfaces'.
TpTrace Warning: 0 : 19360, 1, 2022/01/09, 23:04:19.259, 19866072044296, vstest.console.dll, TestPluginDiscoverer: Failed to get types from assembly 'Microsoft.Diagnostics.NETCore.Client, Version=0.2.2.41902, Culture=neutral, PublicKeyToken=31bf3856ad364e35'.  Skipping test extension scan for this assembly.  Error: System.Reflection.ReflectionTypeLoadException: Unable to load one or more of the requested types.
Could not load file or assembly 'Microsoft.Bcl.AsyncInterfaces, Version=1.0.0.0, Culture=neutral, PublicKeyToken=cc7b13ffcd2ddd51'. Не удается найти указанный файл.
   at System.Reflection.RuntimeModule.GetTypes(RuntimeModule module)
   at System.Reflection.RuntimeModule.GetTypes()
   at System.Reflection.Assembly.GetTypes()
   at Microsoft.VisualStudio.TestPlatform.Common.ExtensionFramework.TestPluginDiscoverer.GetTestExtensionsFromAssembly[TPluginInfo,TExtension](Assembly assembly, Dictionary`2 pluginInfos)
System.IO.FileNotFoundException: Could not load file or assembly 'Microsoft.Bcl.AsyncInterfaces, Version=1.0.0.0, Culture=neutral, PublicKeyToken=cc7b13ffcd2ddd51'. Не удается найти указанный файл.
File name: 'Microsoft.Bcl.AsyncInterfaces, Version=1.0.0.0, Culture=neutral, PublicKeyToken=cc7b13ffcd2ddd51'
TpTrace Warning: 0 : 19360, 1, 2022/01/09, 23:04:19.260, 19866072054351, vstest.console.dll, LoaderExceptions: System.IO.FileNotFoundException: Could not load file or assembly 'Microsoft.Bcl.AsyncInterfaces, Version=1.0.0.0, Culture=neutral, PublicKeyToken=cc7b13ffcd2ddd51'. Не удается найти указанный файл.
File name: 'Microsoft.Bcl.AsyncInterfaces, Version=1.0.0.0, Culture=neutral, PublicKeyToken=cc7b13ffcd2ddd51'
TpTrace Information: 0 : 19360, 1, 2022/01/09, 23:04:19.261, 19866072061253, vstest.console.dll, AssemblyResolver.OnResolve: Microsoft.TestPlatform.Extensions.BlameDataCollector: Resolving assembly.
TpTrace Information: 0 : 19360, 1, 2022/01/09, 23:04:19.261, 19866072063521, vstest.console.dll, AssemblyResolver.OnResolve: Microsoft.TestPlatform.Extensions.BlameDataCollector: Searching in: 'C:\Program Files\dotnet\sdk\5.0.404\Extensions'.
TpTrace Information: 0 : 19360, 1, 2022/01/09, 23:04:19.265, 19866072096882, vstest.console.dll, AssemblyResolver.OnResolve: Microsoft.TestPlatform.Extensions.BlameDataCollector: Loading assembly 'C:\Program Files\dotnet\sdk\5.0.404\Extensions\Microsoft.TestPlatform.Extensions.BlameDataCollector.dll'.
TpTrace Information: 0 : 19360, 1, 2022/01/09, 23:04:19.271, 19866072163813, vstest.console.dll, AssemblyResolver.OnResolve: Resolved assembly: Microsoft.TestPlatform.Extensions.BlameDataCollector, from path: C:\Program Files\dotnet\sdk\5.0.404\Extensions\Microsoft.TestPlatform.Extensions.BlameDataCollector.dll
TpTrace Information: 0 : 19360, 1, 2022/01/09, 23:04:19.275, 19866072204042, vstest.console.dll, AssemblyResolver.OnResolve: Microsoft.TestPlatform.Extensions.EventLogCollector: Resolving assembly.
TpTrace Information: 0 : 19360, 1, 2022/01/09, 23:04:19.276, 19866072207518, vstest.console.dll, AssemblyResolver.OnResolve: Microsoft.TestPlatform.Extensions.EventLogCollector: Searching in: 'C:\Program Files\dotnet\sdk\5.0.404\Extensions'.
TpTrace Information: 0 : 19360, 1, 2022/01/09, 23:04:19.278, 19866072230856, vstest.console.dll, AssemblyResolver.OnResolve: Microsoft.TestPlatform.Extensions.EventLogCollector: Loading assembly 'C:\Program Files\dotnet\sdk\5.0.404\Extensions\Microsoft.TestPlatform.Extensions.EventLogCollector.dll'.
TpTrace Information: 0 : 19360, 1, 2022/01/09, 23:04:19.280, 19866072254409, vstest.console.dll, AssemblyResolver.OnResolve: Resolved assembly: Microsoft.TestPlatform.Extensions.EventLogCollector, from path: C:\Program Files\dotnet\sdk\5.0.404\Extensions\Microsoft.TestPlatform.Extensions.EventLogCollector.dll
TpTrace Information: 0 : 19360, 1, 2022/01/09, 23:04:19.295, 19866072399325, vstest.console.dll, AssemblyResolver.OnResolve: Microsoft.TestPlatform.TestHostRuntimeProvider: Resolving assembly.
TpTrace Information: 0 : 19360, 1, 2022/01/09, 23:04:19.295, 19866072402515, vstest.console.dll, AssemblyResolver.OnResolve: Microsoft.TestPlatform.TestHostRuntimeProvider: Searching in: 'C:\Program Files\dotnet\sdk\5.0.404\Extensions'.
TpTrace Information: 0 : 19360, 1, 2022/01/09, 23:04:19.305, 19866072501445, vstest.console.dll, AssemblyResolver.OnResolve: Microsoft.TestPlatform.TestHostRuntimeProvider: Loading assembly 'C:\Program Files\dotnet\sdk\5.0.404\Extensions\Microsoft.TestPlatform.TestHostRuntimeProvider.dll'.
TpTrace Information: 0 : 19360, 1, 2022/01/09, 23:04:19.308, 19866072528264, vstest.console.dll, AssemblyResolver.OnResolve: Resolved assembly: Microsoft.TestPlatform.TestHostRuntimeProvider, from path: C:\Program Files\dotnet\sdk\5.0.404\Extensions\Microsoft.TestPlatform.TestHostRuntimeProvider.dll
TpTrace Information: 0 : 19360, 1, 2022/01/09, 23:04:19.313, 19866072577810, vstest.console.dll, AssemblyResolver.OnResolve: Microsoft.VisualStudio.TestPlatform.Extensions.Html.TestLogger: Resolving assembly.
TpTrace Information: 0 : 19360, 1, 2022/01/09, 23:04:19.314, 19866072592678, vstest.console.dll, AssemblyResolver.OnResolve: Microsoft.VisualStudio.TestPlatform.Extensions.Html.TestLogger: Searching in: 'C:\Program Files\dotnet\sdk\5.0.404\Extensions'.
TpTrace Information: 0 : 19360, 1, 2022/01/09, 23:04:19.318, 19866072628805, vstest.console.dll, AssemblyResolver.OnResolve: Microsoft.VisualStudio.TestPlatform.Extensions.Html.TestLogger: Loading assembly 'C:\Program Files\dotnet\sdk\5.0.404\Extensions\Microsoft.VisualStudio.TestPlatform.Extensions.Html.TestLogger.dll'.
TpTrace Information: 0 : 19360, 1, 2022/01/09, 23:04:19.320, 19866072654462, vstest.console.dll, AssemblyResolver.OnResolve: Resolved assembly: Microsoft.VisualStudio.TestPlatform.Extensions.Html.TestLogger, from path: C:\Program Files\dotnet\sdk\5.0.404\Extensions\Microsoft.VisualStudio.TestPlatform.Extensions.Html.TestLogger.dll
TpTrace Information: 0 : 19360, 1, 2022/01/09, 23:04:19.322, 19866072669238, vstest.console.dll, AssemblyResolver.OnResolve: Microsoft.VisualStudio.TestPlatform.Extensions.Trx.TestLogger: Resolving assembly.
TpTrace Information: 0 : 19360, 1, 2022/01/09, 23:04:19.322, 19866072671835, vstest.console.dll, AssemblyResolver.OnResolve: Microsoft.VisualStudio.TestPlatform.Extensions.Trx.TestLogger: Searching in: 'C:\Program Files\dotnet\sdk\5.0.404\Extensions'.
TpTrace Information: 0 : 19360, 1, 2022/01/09, 23:04:19.325, 19866072701102, vstest.console.dll, AssemblyResolver.OnResolve: Microsoft.VisualStudio.TestPlatform.Extensions.Trx.TestLogger: Loading assembly 'C:\Program Files\dotnet\sdk\5.0.404\Extensions\Microsoft.VisualStudio.TestPlatform.Extensions.Trx.TestLogger.dll'.
TpTrace Information: 0 : 19360, 1, 2022/01/09, 23:04:19.333, 19866072786207, vstest.console.dll, AssemblyResolver.OnResolve: Resolved assembly: Microsoft.VisualStudio.TestPlatform.Extensions.Trx.TestLogger, from path: C:\Program Files\dotnet\sdk\5.0.404\Extensions\Microsoft.VisualStudio.TestPlatform.Extensions.Trx.TestLogger.dll
TpTrace Verbose: 0 : 19360, 1, 2022/01/09, 23:04:19.336, 19866072811330, vstest.console.dll, TestPluginCache: Discovered the extensions using extension path ''.
TpTrace Verbose: 0 : 19360, 1, 2022/01/09, 23:04:19.336, 19866072813918, vstest.console.dll, TestPluginCache: Discoverers are ''.
TpTrace Verbose: 0 : 19360, 1, 2022/01/09, 23:04:19.336, 19866072815620, vstest.console.dll, TestPluginCache: Executors are ''.
TpTrace Verbose: 0 : 19360, 1, 2022/01/09, 23:04:19.337, 19866072816793, vstest.console.dll, TestPluginCache: Executors2 are ''.
TpTrace Verbose: 0 : 19360, 1, 2022/01/09, 23:04:19.337, 19866072817893, vstest.console.dll, TestPluginCache: Setting providers are ''.
TpTrace Verbose: 0 : 19360, 1, 2022/01/09, 23:04:19.337, 19866072818990, vstest.console.dll, TestPluginCache: Loggers are ''.
TpTrace Information: 0 : 19360, 1, 2022/01/09, 23:04:19.365, 19866073106542, vstest.console.dll, RunTestsArgumentProcessor:Execute: Test run is starting.
TpTrace Verbose: 0 : 19360, 1, 2022/01/09, 23:04:19.366, 19866073109675, vstest.console.dll, RunTestsArgumentProcessor:Execute: Queuing Test run.
TpTrace Information: 0 : 19360, 1, 2022/01/09, 23:04:19.367, 19866073118276, vstest.console.dll, TestRequestManager.RunTests: run tests started.
TpTrace Information: 0 : 19360, 1, 2022/01/09, 23:04:19.384, 19866073291284, vstest.console.dll, AssemblyMetadataProvider.GetFrameWork: Determined framework:'.NETCoreApp,Version=v3.1' for source: 'C:\Users\asus\Documents\GitHub\Theatre\TheatreOfDreams\ToD.Tests\bin\Debug\netcoreapp3.1\fine-code-coverage\build-output\ToD.Tests.dll'
TpTrace Information: 0 : 19360, 1, 2022/01/09, 23:04:19.385, 19866073298865, vstest.console.dll, Determined framework for all sources: .NETCoreApp,Version=v3.1
TpTrace Information: 0 : 19360, 1, 2022/01/09, 23:04:19.387, 19866073318613, vstest.console.dll, AssemblyMetadataProvider.GetArchitecture: Determined architecture:AnyCPU info for assembly: C:\Users\asus\Documents\GitHub\Theatre\TheatreOfDreams\ToD.Tests\bin\Debug\netcoreapp3.1\fine-code-coverage\build-output\ToD.Tests.dll
TpTrace Information: 0 : 19360, 1, 2022/01/09, 23:04:19.402, 19866073469087, vstest.console.dll, Determined platform for all sources: X64
TpTrace Information: 0 : 19360, 1, 2022/01/09, 23:04:19.419, 19866073645807, vstest.console.dll, Compatible sources list : 
TpTrace Information: 0 : 19360, 1, 2022/01/09, 23:04:19.420, 19866073649731, vstest.console.dll, C:\Users\asus\Documents\GitHub\Theatre\TheatreOfDreams\ToD.Tests\bin\Debug\netcoreapp3.1\fine-code-coverage\build-output\ToD.Tests.dll
TpTrace Information: 0 : 19360, 1, 2022/01/09, 23:04:19.442, 19866073871998, vstest.console.dll, InferRunSettingsHelper.IsTestSettingsEnabled: Unable to navigate to RunSettings/MSTest. Current node: RunSettings
TpTrace Information: 0 : 19360, 1, 2022/01/09, 23:04:19.444, 19866073889126, vstest.console.dll, AssemblyResolver.OnResolve: Microsoft.VisualStudio.TestPlatform.Fakes: Resolving assembly.
TpTrace Information: 0 : 19360, 1, 2022/01/09, 23:04:19.444, 19866073890969, vstest.console.dll, AssemblyResolver.OnResolve: Microsoft.VisualStudio.TestPlatform.Fakes: Searching in: 'C:\Program Files\dotnet\sdk\5.0.404\Extensions'.
TpTrace Information: 0 : 19360, 1, 2022/01/09, 23:04:19.444, 19866073892864, vstest.console.dll, AssemblyResolver.OnResolve: Microsoft.VisualStudio.TestPlatform.Fakes: Assembly path does not exist: 'C:\Program Files\dotnet\sdk\5.0.404\Extensions\Microsoft.VisualStudio.TestPlatform.Fakes.dll', returning.
TpTrace Information: 0 : 19360, 1, 2022/01/09, 23:04:19.444, 19866073894429, vstest.console.dll, AssemblyResolver.OnResolve: Microsoft.VisualStudio.TestPlatform.Fakes: Assembly path does not exist: 'C:\Program Files\dotnet\sdk\5.0.404\Extensions\Microsoft.VisualStudio.TestPlatform.Fakes.exe', returning.
TpTrace Information: 0 : 19360, 1, 2022/01/09, 23:04:19.444, 19866073895742, vstest.console.dll, AssemblyResolver.OnResolve: Microsoft.VisualStudio.TestPlatform.Fakes: Searching in: 'C:\Program Files\dotnet\sdk\5.0.404'.
TpTrace Information: 0 : 19360, 1, 2022/01/09, 23:04:19.445, 19866073897333, vstest.console.dll, AssemblyResolver.OnResolve: Microsoft.VisualStudio.TestPlatform.Fakes: Assembly path does not exist: 'C:\Program Files\dotnet\sdk\5.0.404\Microsoft.VisualStudio.TestPlatform.Fakes.dll', returning.
TpTrace Information: 0 : 19360, 1, 2022/01/09, 23:04:19.445, 19866073898796, vstest.console.dll, AssemblyResolver.OnResolve: Microsoft.VisualStudio.TestPlatform.Fakes: Assembly path does not exist: 'C:\Program Files\dotnet\sdk\5.0.404\Microsoft.VisualStudio.TestPlatform.Fakes.exe', returning.
TpTrace Information: 0 : 19360, 1, 2022/01/09, 23:04:19.445, 19866073899672, vstest.console.dll, AssemblyResolver.OnResolve: Microsoft.VisualStudio.TestPlatform.Fakes: Failed to load assembly.
TpTrace Information: 0 : 19360, 1, 2022/01/09, 23:04:19.447, 19866073918976, vstest.console.dll, Failed to create newly implemented Fakes Configurator. Reason:System.IO.FileNotFoundException: Could not load file or assembly 'Microsoft.VisualStudio.TestPlatform.Fakes, Version=16.0.0.0, Culture=neutral, PublicKeyToken=null'. Не удается найти указанный файл.
File name: 'Microsoft.VisualStudio.TestPlatform.Fakes, Version=16.0.0.0, Culture=neutral, PublicKeyToken=null'
   at System.Reflection.RuntimeAssembly.InternalLoad(ObjectHandleOnStack assemblyName, ObjectHandleOnStack requestingAssembly, StackCrawlMarkHandle stackMark, Boolean throwOnFileNotFound, ObjectHandleOnStack assemblyLoadContext, ObjectHandleOnStack retAssembly)
   at System.Reflection.RuntimeAssembly.InternalLoad(AssemblyName assemblyName, RuntimeAssembly requestingAssembly, StackCrawlMark& stackMark, Boolean throwOnFileNotFound, AssemblyLoadContext assemblyLoadContext)
   at System.Reflection.Assembly.Load(AssemblyName assemblyRef)
   at Microsoft.VisualStudio.TestPlatform.Common.Utilities.FakesUtilities.TryGetFakesCrossPlatformDataCollectorConfigurator() 
TpTrace Verbose: 0 : 19360, 1, 2022/01/09, 23:04:19.456, 19866074010732, vstest.console.dll, TestPluginCache.DiscoverTestExtensions: finding test extensions in assemblies ends with: TestLogger.dll TPluginInfo: Microsoft.VisualStudio.TestPlatform.Common.ExtensionFramework.Utilities.TestLoggerPluginInformation TExtension: Microsoft.VisualStudio.TestPlatform.ObjectModel.Client.ITestLogger
TpTrace Verbose: 0 : 19360, 1, 2022/01/09, 23:04:19.456, 19866074012742, vstest.console.dll, TestPluginCache.GetExtensionPaths: Filtered extension paths: 
TpTrace Verbose: 0 : 19360, 1, 2022/01/09, 23:04:19.456, 19866074013599, vstest.console.dll, TestPluginCache.GetExtensionPaths: Added default extension paths: C:\Program Files\dotnet\sdk\5.0.404\Extensions\Microsoft.Diagnostics.NETCore.Client.dll
C:\Program Files\dotnet\sdk\5.0.404\Extensions\Microsoft.TestPlatform.Extensions.BlameDataCollector.dll
C:\Program Files\dotnet\sdk\5.0.404\Extensions\Microsoft.TestPlatform.Extensions.EventLogCollector.dll
C:\Program Files\dotnet\sdk\5.0.404\Extensions\Microsoft.TestPlatform.TestHostRuntimeProvider.dll
C:\Program Files\dotnet\sdk\5.0.404\Extensions\Microsoft.VisualStudio.TestPlatform.Extensions.Html.TestLogger.dll
C:\Program Files\dotnet\sdk\5.0.404\Extensions\Microsoft.VisualStudio.TestPlatform.Extensions.Trx.TestLogger.dll
TpTrace Verbose: 0 : 19360, 1, 2022/01/09, 23:04:19.456, 19866074014371, vstest.console.dll, TestPluginCache.GetExtensionPaths: Added unfilterableExtensionPaths: 
TpTrace Information: 0 : 19360, 1, 2022/01/09, 23:04:19.457, 19866074016859, vstest.console.dll, AssemblyResolver.AddSearchDirectories: Adding more searchDirectories C:\Program Files\dotnet\sdk\5.0.404\Extensions,C:\Program Files\dotnet\sdk\5.0.404
TpTrace Verbose: 0 : 19360, 1, 2022/01/09, 23:04:19.457, 19866074017810, vstest.console.dll, TestPluginCache.DiscoverTestExtensions: Discovering the extensions using extension path.
TpTrace Verbose: 0 : 19360, 1, 2022/01/09, 23:04:19.457, 19866074018519, vstest.console.dll, TestPluginCache.GetExtensionPaths: Filtered extension paths: 
TpTrace Verbose: 0 : 19360, 1, 2022/01/09, 23:04:19.457, 19866074019298, vstest.console.dll, TestPluginCache.GetExtensionPaths: Added default extension paths: C:\Program Files\dotnet\sdk\5.0.404\Extensions\Microsoft.Diagnostics.NETCore.Client.dll
C:\Program Files\dotnet\sdk\5.0.404\Extensions\Microsoft.TestPlatform.Extensions.BlameDataCollector.dll
C:\Program Files\dotnet\sdk\5.0.404\Extensions\Microsoft.TestPlatform.Extensions.EventLogCollector.dll
C:\Program Files\dotnet\sdk\5.0.404\Extensions\Microsoft.TestPlatform.TestHostRuntimeProvider.dll
C:\Program Files\dotnet\sdk\5.0.404\Extensions\Microsoft.VisualStudio.TestPlatform.Extensions.Html.TestLogger.dll
C:\Program Files\dotnet\sdk\5.0.404\Extensions\Microsoft.VisualStudio.TestPlatform.Extensions.Trx.TestLogger.dll
TpTrace Verbose: 0 : 19360, 1, 2022/01/09, 23:04:19.457, 19866074019935, vstest.console.dll, TestPluginCache.GetExtensionPaths: Added unfilterableExtensionPaths: 
TpTrace Verbose: 0 : 19360, 1, 2022/01/09, 23:04:19.457, 19866074020686, vstest.console.dll, TestPluginCache.DiscoverTestExtensions: Discovering the extensions using allExtensionPaths: C:\Program Files\dotnet\sdk\5.0.404\Extensions\Microsoft.Diagnostics.NETCore.Client.dll
C:\Program Files\dotnet\sdk\5.0.404\Extensions\Microsoft.TestPlatform.Extensions.BlameDataCollector.dll
C:\Program Files\dotnet\sdk\5.0.404\Extensions\Microsoft.TestPlatform.Extensions.EventLogCollector.dll
C:\Program Files\dotnet\sdk\5.0.404\Extensions\Microsoft.TestPlatform.TestHostRuntimeProvider.dll
C:\Program Files\dotnet\sdk\5.0.404\Extensions\Microsoft.VisualStudio.TestPlatform.Extensions.Html.TestLogger.dll
C:\Program Files\dotnet\sdk\5.0.404\Extensions\Microsoft.VisualStudio.TestPlatform.Extensions.Trx.TestLogger.dll
TpTrace Information: 0 : 19360, 1, 2022/01/09, 23:04:19.457, 19866074021555, vstest.console.dll, AssemblyResolver.AddSearchDirectories: Adding more searchDirectories C:\Program Files\dotnet\sdk\5.0.404\Extensions,C:\Program Files\dotnet\sdk\5.0.404
TpTrace Information: 0 : 19360, 1, 2022/01/09, 23:04:19.457, 19866074022406, vstest.console.dll, AssemblyResolver.AddSearchDirectories: Adding more searchDirectories C:\Program Files\dotnet\sdk\5.0.404\Extensions,C:\Program Files\dotnet\sdk\5.0.404
TpTrace Information: 0 : 19360, 1, 2022/01/09, 23:04:19.457, 19866074023028, vstest.console.dll, AssemblyResolver.AddSearchDirectories: Adding more searchDirectories C:\Program Files\dotnet\sdk\5.0.404\Extensions,C:\Program Files\dotnet\sdk\5.0.404
TpTrace Information: 0 : 19360, 1, 2022/01/09, 23:04:19.457, 19866074023641, vstest.console.dll, AssemblyResolver.AddSearchDirectories: Adding more searchDirectories C:\Program Files\dotnet\sdk\5.0.404\Extensions,C:\Program Files\dotnet\sdk\5.0.404
TpTrace Information: 0 : 19360, 1, 2022/01/09, 23:04:19.457, 19866074024368, vstest.console.dll, AssemblyResolver.AddSearchDirectories: Adding more searchDirectories C:\Program Files\dotnet\sdk\5.0.404\Extensions,C:\Program Files\dotnet\sdk\5.0.404
TpTrace Information: 0 : 19360, 1, 2022/01/09, 23:04:19.457, 19866074025406, vstest.console.dll, AssemblyResolver.AddSearchDirectories: Adding more searchDirectories C:\Program Files\dotnet\sdk\5.0.404\Extensions,C:\Program Files\dotnet\sdk\5.0.404
TpTrace Information: 0 : 19360, 1, 2022/01/09, 23:04:19.458, 19866074029624, vstest.console.dll, AssemblyResolver.OnResolve: Microsoft.Bcl.AsyncInterfaces: Resolving assembly.
TpTrace Information: 0 : 19360, 1, 2022/01/09, 23:04:19.458, 19866074030492, vstest.console.dll, AssemblyResolver.OnResolve: Microsoft.Bcl.AsyncInterfaces: Resolved from cache.
TpTrace Verbose: 0 : 19360, 1, 2022/01/09, 23:04:19.458, 19866074031081, vstest.console.dll, CurrentDomainAssemblyResolve: Resolving assembly 'Microsoft.Bcl.AsyncInterfaces'.
TpTrace Information: 0 : 19360, 1, 2022/01/09, 23:04:19.458, 19866074032022, vstest.console.dll, AssemblyResolver.OnResolve: Microsoft.Bcl.AsyncInterfaces: Resolving assembly.
TpTrace Information: 0 : 19360, 1, 2022/01/09, 23:04:19.458, 19866074032643, vstest.console.dll, AssemblyResolver.OnResolve: Microsoft.Bcl.AsyncInterfaces: Resolved from cache.
TpTrace Verbose: 0 : 19360, 1, 2022/01/09, 23:04:19.458, 19866074033197, vstest.console.dll, CurrentDomainAssemblyResolve: Resolving assembly 'Microsoft.Bcl.AsyncInterfaces'.
TpTrace Verbose: 0 : 19360, 1, 2022/01/09, 23:04:19.458, 19866074033676, vstest.console.dll, CurrentDomainAssemblyResolve: Failed to resolve assembly 'Microsoft.Bcl.AsyncInterfaces'.
TpTrace Verbose: 0 : 19360, 1, 2022/01/09, 23:04:19.458, 19866074036124, vstest.console.dll, CurrentDomainAssemblyResolve: Failed to resolve assembly 'Microsoft.Bcl.AsyncInterfaces'.
TpTrace Warning: 0 : 19360, 1, 2022/01/09, 23:04:19.459, 19866074040389, vstest.console.dll, TestPluginDiscoverer: Failed to get types from assembly 'Microsoft.Diagnostics.NETCore.Client, Version=0.2.2.41902, Culture=neutral, PublicKeyToken=31bf3856ad364e35'.  Skipping test extension scan for this assembly.  Error: System.Reflection.ReflectionTypeLoadException: Unable to load one or more of the requested types.
Could not load file or assembly 'Microsoft.Bcl.AsyncInterfaces, Version=1.0.0.0, Culture=neutral, PublicKeyToken=cc7b13ffcd2ddd51'. Не удается найти указанный файл.
   at System.Reflection.RuntimeModule.GetTypes(RuntimeModule module)
   at System.Reflection.RuntimeModule.GetTypes()
   at System.Reflection.Assembly.GetTypes()
   at Microsoft.VisualStudio.TestPlatform.Common.ExtensionFramework.TestPluginDiscoverer.GetTestExtensionsFromAssembly[TPluginInfo,TExtension](Assembly assembly, Dictionary`2 pluginInfos)
System.IO.FileNotFoundException: Could not load file or assembly 'Microsoft.Bcl.AsyncInterfaces, Version=1.0.0.0, Culture=neutral, PublicKeyToken=cc7b13ffcd2ddd51'. Не удается найти указанный файл.
File name: 'Microsoft.Bcl.AsyncInterfaces, Version=1.0.0.0, Culture=neutral, PublicKeyToken=cc7b13ffcd2ddd51'
TpTrace Warning: 0 : 19360, 1, 2022/01/09, 23:04:19.459, 19866074041329, vstest.console.dll, LoaderExceptions: System.IO.FileNotFoundException: Could not load file or assembly 'Microsoft.Bcl.AsyncInterfaces, Version=1.0.0.0, Culture=neutral, PublicKeyToken=cc7b13ffcd2ddd51'. Не удается найти указанный файл.
File name: 'Microsoft.Bcl.AsyncInterfaces, Version=1.0.0.0, Culture=neutral, PublicKeyToken=cc7b13ffcd2ddd51'
TpTrace Verbose: 0 : 19360, 1, 2022/01/09, 23:04:19.460, 19866074047007, vstest.console.dll, TestPluginCache: Discovered the extensions using extension path ''.
TpTrace Verbose: 0 : 19360, 1, 2022/01/09, 23:04:19.460, 19866074047761, vstest.console.dll, TestPluginCache: Discoverers are ''.
TpTrace Verbose: 0 : 19360, 1, 2022/01/09, 23:04:19.460, 19866074048243, vstest.console.dll, TestPluginCache: Executors are ''.
TpTrace Verbose: 0 : 19360, 1, 2022/01/09, 23:04:19.460, 19866074048692, vstest.console.dll, TestPluginCache: Executors2 are ''.
TpTrace Verbose: 0 : 19360, 1, 2022/01/09, 23:04:19.460, 19866074049247, vstest.console.dll, TestPluginCache: Setting providers are ''.
TpTrace Verbose: 0 : 19360, 1, 2022/01/09, 23:04:19.460, 19866074050401, vstest.console.dll, TestPluginCache: Loggers are 'logger://Microsoft/TestPlatform/Extensions/Blame/v1,logger://Microsoft/TestPlatform/HtmlLogger/v1,logger://Microsoft/TestPlatform/TrxLogger/v1'.
TpTrace Information: 0 : 19360, 1, 2022/01/09, 23:04:19.461, 19866074060167, vstest.console.dll, TestPluginManager.CreateTestExtension: Attempting to load test extension: Microsoft.TestPlatform.Extensions.BlameDataCollector.BlameLogger
TpTrace Information: 0 : 19360, 1, 2022/01/09, 23:04:19.476, 19866074213606, vstest.console.dll, TestPluginManager.CreateTestExtension: Attempting to load test extension: Microsoft.VisualStudio.TestPlatform.CrossPlatEngine.Hosting.DefaultTestHostManager
TpTrace Information: 0 : 19360, 1, 2022/01/09, 23:04:19.477, 19866074218574, vstest.console.dll, TestPluginManager.CreateTestExtension: Attempting to load test extension: Microsoft.VisualStudio.TestPlatform.CrossPlatEngine.Hosting.DotnetTestHostManager
TpTrace Verbose: 0 : 19360, 1, 2022/01/09, 23:04:19.477, 19866074226733, vstest.console.dll, TestEngine: Initializing Parallel Execution as MaxCpuCount is set to: 1
TpTrace Information: 0 : 19360, 1, 2022/01/09, 23:04:19.478, 19866074234455, vstest.console.dll, InferRunSettingsHelper.IsTestSettingsEnabled: Unable to navigate to RunSettings/MSTest. Current node: RunSettings
TpTrace Verbose: 0 : 19360, 1, 2022/01/09, 23:04:19.527, 19866074720565, vstest.console.dll, TestRequestSender is acting as server
TpTrace Verbose: 0 : 19360, 4, 2022/01/09, 23:04:19.541, 19866074857254, vstest.console.dll, DataCollectionRequestSender.InitializeCommunication : Initialize communication. 
TpTrace Information: 0 : 19360, 4, 2022/01/09, 23:04:19.599, 19866075438005, vstest.console.dll, Listening on Endpoint : 127.0.0.1:61939
TpTrace Verbose: 0 : 19360, 4, 2022/01/09, 23:04:19.652, 19866075971416, vstest.console.dll, DotnetDataCollectionLauncher: Full path of dotnet.exe is C:\Program Files\dotnet\dotnet.exe
TpTrace Verbose: 0 : 19360, 4, 2022/01/09, 23:04:19.653, 19866075978500, vstest.console.dll, DotnetDataCollectionLauncher: Adding  --runtimeconfig "C:\Program Files\dotnet\sdk\5.0.404\datacollector.runtimeconfig.json" in args
TpTrace Verbose: 0 : 19360, 4, 2022/01/09, 23:04:19.653, 19866075982990, vstest.console.dll, DotnetDataCollectionLauncher: Adding  --depsfile "C:\Program Files\dotnet\sdk\5.0.404\datacollector.deps.json" in args
TpTrace Information: 0 : 19360, 4, 2022/01/09, 23:04:19.703, 19866076485177, vstest.console.dll, ProxyDataCollectionManager.Initialize: Launched datacollector processId: 19768 port: 61939
TpTrace Information: 0 : 19360, 4, 2022/01/09, 23:04:19.704, 19866076489980, vstest.console.dll, ProxyDataCollectionManager.Initialize: waiting for connection with timeout: 90 seconds
TpTrace Verbose: 0 : 19360, 4, 2022/01/09, 23:04:19.704, 19866076492103, vstest.console.dll, DataCollectionRequestSender.WaitForRequestHandlerConnection : Waiting for connection with timeout: 90000
TpTrace Information: 0 : 19360, 7, 2022/01/09, 23:04:20.609, 19866085544227, vstest.console.dll, Using the buffer size of 16384 bytes
TpTrace Information: 0 : 19360, 7, 2022/01/09, 23:04:20.609, 19866085546060, vstest.console.dll, Accepted Client request and set the flag
TpTrace Verbose: 0 : 19360, 4, 2022/01/09, 23:04:20.609, 19866085545333, vstest.console.dll, ProxyDataCollectionManager.InvokeDataCollectionServiceAction: Starting.
TpTrace Information: 0 : 19360, 4, 2022/01/09, 23:04:20.610, 19866085548920, vstest.console.dll, ProxyDataCollectionManager.BeforeTestRunStart: Get environment variable and port for datacollector processId: 19768 port: 61939
TpTrace Verbose: 0 : 19360, 4, 2022/01/09, 23:04:20.610, 19866085551309, vstest.console.dll, DataCollectionRequestSender.SendBeforeTestRunStartAndGetResult : Send BeforeTestRunStart message with settingsXml <RunSettings><RunConfiguration><ResultsDirectory>C:\Users\asus\Documents\GitHub\Theatre\TheatreOfDreams\ToD.Tests\bin\Debug\netcoreapp3.1\fine-code-coverage\coverage-tool-output</ResultsDirectory><TargetPlatform>X64</TargetPlatform><TargetFrameworkVersion>.NETCoreApp,Version=v3.1</TargetFrameworkVersion><DesignMode>False</DesignMode><CollectSourceInformation>False</CollectSourceInformation><TestAdaptersPaths>C:\Program Files\dotnet\sdk\5.0.404\Extensions</TestAdaptersPaths></RunConfiguration><LoggerRunSettings><Loggers><Logger friendlyName="blame" enabled="True" /><Logger friendlyName="Console" uri="logger://microsoft/TestPlatform/ConsoleLogger/v1" assemblyQualifiedName="Microsoft.VisualStudio.TestPlatform.CommandLine.Internal.ConsoleLogger, vstest.console, Version=15.0.0.0, Culture=neutral, PublicKeyToken=b03f5f7f11d50a3a" codeBase="C:\Program Files\dotnet\sdk\5.0.404\vstest.console.dll" enabled="True" /></Loggers></LoggerRunSettings><DataCollectionRunSettings><DataCollectors><DataCollector friendlyName="blame" enabled="True"><Configuration><ResultsDirectory>C:\Users\asus\Documents\GitHub\Theatre\TheatreOfDreams\ToD.Tests\bin\Debug\netcoreapp3.1\fine-code-coverage\coverage-tool-output</ResultsDirectory></Configuration></DataCollector></DataCollectors></DataCollectionRunSettings></RunSettings> and sources System.Linq.Enumerable+Concat2Iterator`1[System.String]: 
TpTrace Verbose: 0 : 19360, 4, 2022/01/09, 23:04:20.772, 19866087176145, vstest.console.dll, DataCollectionRequestSender.SendBeforeTestRunStartAndGetResult : Received message: (DataCollection.SendMessage) -> {
  "FriendlyName": null,
  "Uri": null,
  "TestCaseId": "00000000-0000-0000-0000-000000000000",
  "Message": "Logging DataCollector Diagnostics in file: C:\\Users\\asus\\Documents\\GitHub\\Theatre\\TheatreOfDreams\\ToD.Tests\\bin\\Debug\\netcoreapp3.1\\fine-code-coverage\\coverage-tool-output\\diagnostics.datacollector.22-01-09_23-04-19_62855_4.log",
  "Level": 0
}
TpTrace Information: 0 : 19360, 4, 2022/01/09, 23:04:20.785, 19866087303909, vstest.console.dll, AssemblyResolver.OnResolve: Microsoft.VisualStudio.TestPlatform.Common.resources: Resolving assembly.
TpTrace Information: 0 : 19360, 4, 2022/01/09, 23:04:20.785, 19866087305685, vstest.console.dll, AssemblyResolver.OnResolve: Microsoft.VisualStudio.TestPlatform.Common.resources: Searching in: 'C:\Program Files\dotnet\sdk\5.0.404\Extensions'.
TpTrace Information: 0 : 19360, 4, 2022/01/09, 23:04:20.786, 19866087307110, vstest.console.dll, AssemblyResolver.OnResolve: Microsoft.VisualStudio.TestPlatform.Common.resources: Assembly path does not exist: 'C:\Program Files\dotnet\sdk\5.0.404\Extensions\Microsoft.VisualStudio.TestPlatform.Common.resources.dll', returning.
TpTrace Information: 0 : 19360, 4, 2022/01/09, 23:04:20.786, 19866087308484, vstest.console.dll, AssemblyResolver.OnResolve: Microsoft.VisualStudio.TestPlatform.Common.resources: Assembly path does not exist: 'C:\Program Files\dotnet\sdk\5.0.404\Extensions\Microsoft.VisualStudio.TestPlatform.Common.resources.exe', returning.
TpTrace Information: 0 : 19360, 4, 2022/01/09, 23:04:20.786, 19866087309249, vstest.console.dll, AssemblyResolver.OnResolve: Microsoft.VisualStudio.TestPlatform.Common.resources: Searching in: 'C:\Program Files\dotnet\sdk\5.0.404'.
TpTrace Information: 0 : 19360, 4, 2022/01/09, 23:04:20.786, 19866087310383, vstest.console.dll, AssemblyResolver.OnResolve: Microsoft.VisualStudio.TestPlatform.Common.resources: Assembly path does not exist: 'C:\Program Files\dotnet\sdk\5.0.404\Microsoft.VisualStudio.TestPlatform.Common.resources.dll', returning.
TpTrace Information: 0 : 19360, 4, 2022/01/09, 23:04:20.786, 19866087311518, vstest.console.dll, AssemblyResolver.OnResolve: Microsoft.VisualStudio.TestPlatform.Common.resources: Assembly path does not exist: 'C:\Program Files\dotnet\sdk\5.0.404\Microsoft.VisualStudio.TestPlatform.Common.resources.exe', returning.
TpTrace Information: 0 : 19360, 4, 2022/01/09, 23:04:20.786, 19866087312355, vstest.console.dll, AssemblyResolver.OnResolve: Microsoft.VisualStudio.TestPlatform.Common.resources: Failed to load assembly.
TpTrace Verbose: 0 : 19360, 4, 2022/01/09, 23:04:21.062, 19866090073793, vstest.console.dll, DataCollectionRequestSender.SendBeforeTestRunStartAndGetResult : Received message: (DataCollection.BeforeTestRunStartResult) -> {
  "EnvironmentVariables": {},
  "DataCollectionEventsPort": 61941
}
TpTrace Information: 0 : 19360, 4, 2022/01/09, 23:04:21.070, 19866090149534, vstest.console.dll, ProxyDataCollectionManager.BeforeTestRunStart: SendBeforeTestRunStartAndGetResult successful, env variable from datacollector:   and testhost port: 61941
TpTrace Information: 0 : 19360, 4, 2022/01/09, 23:04:21.070, 19866090151391, vstest.console.dll, ProxyDataCollectionManager.InvokeDataCollectionServiceAction: Completed.
TpTrace Verbose: 0 : 19360, 1, 2022/01/09, 23:04:21.070, 19866090154117, vstest.console.dll, TestRunRequest.ExecuteAsync: Creating test run request.
TpTrace Verbose: 0 : 19360, 1, 2022/01/09, 23:04:21.071, 19866090158992, vstest.console.dll, TestRunRequest.ExecuteAsync: Starting.
TpTrace Information: 0 : 19360, 1, 2022/01/09, 23:04:21.072, 19866090168169, vstest.console.dll, TestRunRequest.ExecuteAsync: Starting run with settings:TestRunCriteria:
   KeepAlive=False,FrequencyOfRunStatsChangeEvent=10,RunStatsChangeEventTimeout=00:00:01.5000000,TestCaseFilter=,TestExecutorLauncher=
   Settingsxml=<RunSettings>
  <RunConfiguration>
    <ResultsDirectory>C:\Users\asus\Documents\GitHub\Theatre\TheatreOfDreams\ToD.Tests\bin\Debug\netcoreapp3.1\fine-code-coverage\coverage-tool-output</ResultsDirectory>
    <TargetPlatform>X64</TargetPlatform>
    <TargetFrameworkVersion>.NETCoreApp,Version=v3.1</TargetFrameworkVersion>
    <DesignMode>False</DesignMode>
    <CollectSourceInformation>False</CollectSourceInformation>
  </RunConfiguration>
  <LoggerRunSettings>
    <Loggers>
      <Logger friendlyName="blame" enabled="True" />
      <Logger friendlyName="Console" uri="logger://microsoft/TestPlatform/ConsoleLogger/v1" assemblyQualifiedName="Microsoft.VisualStudio.TestPlatform.CommandLine.Internal.ConsoleLogger, vstest.console, Version=15.0.0.0, Culture=neutral, PublicKeyToken=b03f5f7f11d50a3a" codeBase="C:\Program Files\dotnet\sdk\5.0.404\vstest.console.dll" enabled="True" />
    </Loggers>
  </LoggerRunSettings>
  <DataCollectionRunSettings>
    <DataCollectors>
      <DataCollector friendlyName="blame" enabled="True">
        <Configuration>
          <ResultsDirectory>C:\Users\asus\Documents\GitHub\Theatre\TheatreOfDreams\ToD.Tests\bin\Debug\netcoreapp3.1\fine-code-coverage\coverage-tool-output</ResultsDirectory>
        </Configuration>
      </DataCollector>
    </DataCollectors>
  </DataCollectionRunSettings>
</RunSettings>

TpTrace Verbose: 0 : 19360, 1, 2022/01/09, 23:04:21.072, 19866090169460, vstest.console.dll, TestRunRequest.ExecuteAsync: Wait for the first run request is over.
TpTrace Verbose: 0 : 19360, 1, 2022/01/09, 23:04:21.073, 19866090177331, vstest.console.dll, ParallelProxyExecutionManager: Start execution. Total sources: 1
TpTrace Information: 0 : 19360, 1, 2022/01/09, 23:04:21.077, 19866090220859, vstest.console.dll, ProxyParallelExecutionManager: Triggering test run for next source: C:\Users\asus\Documents\GitHub\Theatre\TheatreOfDreams\ToD.Tests\bin\Debug\netcoreapp3.1\fine-code-coverage\build-output\ToD.Tests.dll
TpTrace Verbose: 0 : 19360, 4, 2022/01/09, 23:04:21.077, 19866090224879, vstest.console.dll, ParallelProxyExecutionManager: Execution started. Started clients: 1
TpTrace Verbose: 0 : 19360, 1, 2022/01/09, 23:04:21.077, 19866090225569, vstest.console.dll, ProxyParallelExecutionManager: No sources available for execution.
TpTrace Information: 0 : 19360, 1, 2022/01/09, 23:04:21.078, 19866090227444, vstest.console.dll, TestRunRequest.ExecuteAsync: Started.
TpTrace Verbose: 0 : 19360, 1, 2022/01/09, 23:04:21.078, 19866090228859, vstest.console.dll, TestRunRequest.WaitForCompletion: Waiting with timeout -1.
TpTrace Verbose: 0 : 19360, 4, 2022/01/09, 23:04:21.078, 19866090230881, vstest.console.dll, TestRunRequest:SendTestRunMessage: Starting.
TpTrace Information: 0 : 19360, 4, 2022/01/09, 23:04:21.078, 19866090233333, vstest.console.dll, TestRunRequest:SendTestRunMessage: Completed.
TpTrace Verbose: 0 : 19360, 4, 2022/01/09, 23:04:21.079, 19866090237783, vstest.console.dll, ProxyExecutionManager: Test host is always Lazy initialize.
TpTrace Verbose: 0 : 19360, 4, 2022/01/09, 23:04:21.079, 19866090242337, vstest.console.dll, TestRequestSender.InitializeCommunication: initialize communication. 
TpTrace Information: 0 : 19360, 4, 2022/01/09, 23:04:21.081, 19866090257323, vstest.console.dll, SocketServer.Start: Listening on endpoint : 127.0.0.1:61942
TpTrace Verbose: 0 : 19360, 4, 2022/01/09, 23:04:21.090, 19866090349710, vstest.console.dll, DotnetTestHostmanager: Adding  --runtimeconfig "C:\Users\asus\Documents\GitHub\Theatre\TheatreOfDreams\ToD.Tests\bin\Debug\netcoreapp3.1\fine-code-coverage\build-output\ToD.Tests.runtimeconfig.json" in args
TpTrace Verbose: 0 : 19360, 4, 2022/01/09, 23:04:21.090, 19866090353811, vstest.console.dll, DotnetTestHostmanager: Adding  --depsfile "C:\Users\asus\Documents\GitHub\Theatre\TheatreOfDreams\ToD.Tests\bin\Debug\netcoreapp3.1\fine-code-coverage\build-output\ToD.Tests.deps.json" in args
TpTrace Verbose: 0 : 19360, 4, 2022/01/09, 23:04:21.091, 19866090358189, vstest.console.dll, DotnetTestHostManager: Testhost.exe/testhost.x86.exe found at path: C:\Users\asus\Documents\GitHub\Theatre\TheatreOfDreams\ToD.Tests\bin\Debug\netcoreapp3.1\fine-code-coverage\build-output\testhost.exe
TpTrace Verbose: 0 : 19360, 4, 2022/01/09, 23:04:21.091, 19866090359277, vstest.console.dll, DotnetTestHostmanager: Full path of host exe is C:\Users\asus\Documents\GitHub\Theatre\TheatreOfDreams\ToD.Tests\bin\Debug\netcoreapp3.1\fine-code-coverage\build-output\testhost.exe
TpTrace Verbose: 0 : 19360, 9, 2022/01/09, 23:04:21.094, 19866090387008, vstest.console.dll, DotnetTestHostManager: Starting process 'C:\Users\asus\Documents\GitHub\Theatre\TheatreOfDreams\ToD.Tests\bin\Debug\netcoreapp3.1\fine-code-coverage\build-output\testhost.exe' with command line ' --runtimeconfig "C:\Users\asus\Documents\GitHub\Theatre\TheatreOfDreams\ToD.Tests\bin\Debug\netcoreapp3.1\fine-code-coverage\build-output\ToD.Tests.runtimeconfig.json" --depsfile "C:\Users\asus\Documents\GitHub\Theatre\TheatreOfDreams\ToD.Tests\bin\Debug\netcoreapp3.1\fine-code-coverage\build-output\ToD.Tests.deps.json" --port 61942 --endpoint 127.0.0.1:061942 --role client --parentprocessid 19360 --diag "C:\Users\asus\Documents\GitHub\Theatre\TheatreOfDreams\ToD.Tests\bin\Debug\netcoreapp3.1\fine-code-coverage\coverage-tool-output\diagnostics.host.22-01-09_23-04-21_08172_4.log" --tracelevel 4 --datacollectionport 61941 --telemetryoptedin false'
TpTrace Verbose: 0 : 19360, 9, 2022/01/09, 23:04:21.102, 19866090471463, vstest.console.dll, Test Runtime launched
TpTrace Verbose: 0 : 19360, 4, 2022/01/09, 23:04:21.103, 19866090482519, vstest.console.dll, TestRequestSender.WaitForRequestHandlerConnection: waiting for connection with timeout: 90000
TpTrace Verbose: 0 : 19360, 9, 2022/01/09, 23:04:21.725, 19866096697149, vstest.console.dll, SocketServer.OnClientConnected: Client connected for endPoint: 127.0.0.1:61942, starting MessageLoopAsync:
TpTrace Verbose: 0 : 19360, 9, 2022/01/09, 23:04:21.725, 19866096700508, vstest.console.dll, TcpClientExtensions.MessageLoopAsync: Polling on remoteEndPoint: 127.0.0.1:61943 localEndPoint: 127.0.0.1:61942
TpTrace Verbose: 0 : 19360, 9, 2022/01/09, 23:04:22.179, 19866101245065, vstest.console.dll, TcpClientExtensions.MessageLoopAsync: NotifyDataAvailable remoteEndPoint: 127.0.0.1:61943 localEndPoint: 127.0.0.1:61942
TpTrace Verbose: 0 : 19360, 9, 2022/01/09, 23:04:22.180, 19866101252994, vstest.console.dll, TestRequestSender.CheckVersionWithTestHost: onMessageReceived received message: (ProtocolVersion) -> 5
TpTrace Verbose: 0 : 19360, 9, 2022/01/09, 23:04:22.182, 19866101267634, vstest.console.dll, TcpClientExtensions.MessageLoopAsync: Polling on remoteEndPoint: 127.0.0.1:61943 localEndPoint: 127.0.0.1:61942
TpTrace Verbose: 0 : 19360, 4, 2022/01/09, 23:04:22.182, 19866101274601, vstest.console.dll, TestPluginCache.GetExtensionPaths: Filtered extension paths: 
TpTrace Verbose: 0 : 19360, 4, 2022/01/09, 23:04:22.183, 19866101276774, vstest.console.dll, TestPluginCache.GetExtensionPaths: Added default extension paths: C:\Program Files\dotnet\sdk\5.0.404\Extensions\Microsoft.Diagnostics.NETCore.Client.dll
C:\Program Files\dotnet\sdk\5.0.404\Extensions\Microsoft.TestPlatform.Extensions.BlameDataCollector.dll
C:\Program Files\dotnet\sdk\5.0.404\Extensions\Microsoft.TestPlatform.Extensions.EventLogCollector.dll
C:\Program Files\dotnet\sdk\5.0.404\Extensions\Microsoft.TestPlatform.TestHostRuntimeProvider.dll
C:\Program Files\dotnet\sdk\5.0.404\Extensions\Microsoft.VisualStudio.TestPlatform.Extensions.Html.TestLogger.dll
C:\Program Files\dotnet\sdk\5.0.404\Extensions\Microsoft.VisualStudio.TestPlatform.Extensions.Trx.TestLogger.dll
TpTrace Verbose: 0 : 19360, 4, 2022/01/09, 23:04:22.183, 19866101279787, vstest.console.dll, TestPluginCache.GetExtensionPaths: Added unfilterableExtensionPaths: 
TpTrace Verbose: 0 : 19360, 4, 2022/01/09, 23:04:22.199, 19866101444350, vstest.console.dll, TestRequestSender.InitializeExecution: Sending initializing execution with message: {"Version":5,"MessageType":"TestExecution.Initialize","Payload":["C:\\Users\\asus\\Documents\\GitHub\\Theatre\\TheatreOfDreams\\ToD.Tests\\bin\\Debug\\netcoreapp3.1\\fine-code-coverage\\build-output\\xunit.runner.visualstudio.dotnetcore.testadapter.dll"]}
TpTrace Verbose: 0 : 19360, 4, 2022/01/09, 23:04:22.251, 19866101958154, vstest.console.dll, TestRequestSender.StartTestRun: Sending test run with message: {"Version":5,"MessageType":"TestExecution.StartWithSources","Payload":{"AdapterSourceMap":{"_none_":["C:\\Users\\asus\\Documents\\GitHub\\Theatre\\TheatreOfDreams\\ToD.Tests\\bin\\Debug\\netcoreapp3.1\\fine-code-coverage\\build-output\\ToD.Tests.dll"]},"RunSettings":"<RunSettings>\r\n  <RunConfiguration>\r\n    <ResultsDirectory>C:\\Users\\asus\\Documents\\GitHub\\Theatre\\TheatreOfDreams\\ToD.Tests\\bin\\Debug\\netcoreapp3.1\\fine-code-coverage\\coverage-tool-output</ResultsDirectory>\r\n    <TargetPlatform>X64</TargetPlatform>\r\n    <TargetFrameworkVersion>.NETCoreApp,Version=v3.1</TargetFrameworkVersion>\r\n    <DesignMode>False</DesignMode>\r\n    <CollectSourceInformation>False</CollectSourceInformation>\r\n  </RunConfiguration>\r\n  <LoggerRunSettings>\r\n    <Loggers>\r\n      <Logger friendlyName=\"blame\" enabled=\"True\" />\r\n      <Logger friendlyName=\"Console\" uri=\"logger://microsoft/TestPlatform/ConsoleLogger/v1\" assemblyQualifiedName=\"Microsoft.VisualStudio.TestPlatform.CommandLine.Internal.ConsoleLogger, vstest.console, Version=15.0.0.0, Culture=neutral, PublicKeyToken=b03f5f7f11d50a3a\" codeBase=\"C:\\Program Files\\dotnet\\sdk\\5.0.404\\vstest.console.dll\" enabled=\"True\" />\r\n    </Loggers>\r\n  </LoggerRunSettings>\r\n  <DataCollectionRunSettings>\r\n    <DataCollectors>\r\n      <DataCollector friendlyName=\"blame\" enabled=\"True\">\r\n        <Configuration>\r\n          <ResultsDirectory>C:\\Users\\asus\\Documents\\GitHub\\Theatre\\TheatreOfDreams\\ToD.Tests\\bin\\Debug\\netcoreapp3.1\\fine-code-coverage\\coverage-tool-output</ResultsDirectory>\r\n        </Configuration>\r\n      </DataCollector>\r\n    </DataCollectors>\r\n  </DataCollectionRunSettings>\r\n</RunSettings>","TestExecutionContext":{"FrequencyOfRunStatsChangeEvent":10,"RunStatsChangeEventTimeout":"00:00:01.5000000","InIsolation":false,"KeepAlive":false,"AreTestCaseLevelEventsRequired":false,"IsDebug":false,"TestCaseFilter":null,"FilterOptions":null},"Package":null}}
TpTrace Verbose: 0 : 19360, 9, 2022/01/09, 23:04:22.349, 19866102942298, vstest.console.dll, TcpClientExtensions.MessageLoopAsync: NotifyDataAvailable remoteEndPoint: 127.0.0.1:61943 localEndPoint: 127.0.0.1:61942
TpTrace Verbose: 0 : 19360, 9, 2022/01/09, 23:04:22.350, 19866102947917, vstest.console.dll, TestRequestSender.OnExecutionMessageReceived: Received message: {"Version":5,"MessageType":"TestSession.Message","Payload":{"MessageLevel":0,"Message":"Ведение журналов диагностики TestHost в файле: C:\\Users\\asus\\Documents\\GitHub\\Theatre\\TheatreOfDreams\\ToD.Tests\\bin\\Debug\\netcoreapp3.1\\fine-code-coverage\\coverage-tool-output\\diagnostics.host.22-01-09_23-04-21_08172_4.log"}}
TpTrace Verbose: 0 : 19360, 9, 2022/01/09, 23:04:22.357, 19866103023593, vstest.console.dll, TestRunRequest:SendTestRunMessage: Starting.
TpTrace Information: 0 : 19360, 9, 2022/01/09, 23:04:22.358, 19866103027732, vstest.console.dll, TestRunRequest:SendTestRunMessage: Completed.
TpTrace Verbose: 0 : 19360, 9, 2022/01/09, 23:04:22.358, 19866103029556, vstest.console.dll, TcpClientExtensions.MessageLoopAsync: Polling on remoteEndPoint: 127.0.0.1:61943 localEndPoint: 127.0.0.1:61942
TpTrace Verbose: 0 : 19360, 9, 2022/01/09, 23:04:22.993, 19866109383703, vstest.console.dll, TcpClientExtensions.MessageLoopAsync: NotifyDataAvailable remoteEndPoint: 127.0.0.1:61943 localEndPoint: 127.0.0.1:61942
TpTrace Verbose: 0 : 19360, 9, 2022/01/09, 23:04:22.993, 19866109386068, vstest.console.dll, TestRequestSender.OnExecutionMessageReceived: Received message: {"Version":5,"MessageType":"TestSession.Message","Payload":{"MessageLevel":0,"Message":"[xUnit.net 00:00:00.00] xUnit.net VSTest Adapter v2.4.3+1b45f5407b (64-bit .NET Core 3.1.22)"}}
TpTrace Verbose: 0 : 19360, 9, 2022/01/09, 23:04:22.994, 19866109389733, vstest.console.dll, TestRunRequest:SendTestRunMessage: Starting.
TpTrace Information: 0 : 19360, 9, 2022/01/09, 23:04:22.994, 19866109390707, vstest.console.dll, TestRunRequest:SendTestRunMessage: Completed.
TpTrace Verbose: 0 : 19360, 9, 2022/01/09, 23:04:22.994, 19866109391275, vstest.console.dll, TcpClientExtensions.MessageLoopAsync: Polling on remoteEndPoint: 127.0.0.1:61943 localEndPoint: 127.0.0.1:61942
TpTrace Verbose: 0 : 19360, 9, 2022/01/09, 23:04:24.003, 19866119478585, vstest.console.dll, TcpClientExtensions.MessageLoopAsync: Polling on remoteEndPoint: 127.0.0.1:61943 localEndPoint: 127.0.0.1:61942
TpTrace Verbose: 0 : 19360, 9, 2022/01/09, 23:04:25.013, 19866129585072, vstest.console.dll, TcpClientExtensions.MessageLoopAsync: Polling on remoteEndPoint: 127.0.0.1:61943 localEndPoint: 127.0.0.1:61942
TpTrace Verbose: 0 : 19360, 9, 2022/01/09, 23:04:26.020, 19866139649525, vstest.console.dll, TcpClientExtensions.MessageLoopAsync: Polling on remoteEndPoint: 127.0.0.1:61943 localEndPoint: 127.0.0.1:61942
TpTrace Verbose: 0 : 19360, 9, 2022/01/09, 23:04:26.850, 19866147951326, vstest.console.dll, TcpClientExtensions.MessageLoopAsync: NotifyDataAvailable remoteEndPoint: 127.0.0.1:61943 localEndPoint: 127.0.0.1:61942
TpTrace Verbose: 0 : 19360, 9, 2022/01/09, 23:04:26.851, 19866147958459, vstest.console.dll, TestRequestSender.OnExecutionMessageReceived: Received message: {"Version":5,"MessageType":"TestSession.Message","Payload":{"MessageLevel":0,"Message":"[xUnit.net 00:00:03.86]   Discovering: ToD.Tests"}}
TpTrace Verbose: 0 : 19360, 9, 2022/01/09, 23:04:26.851, 19866147965776, vstest.console.dll, TestRunRequest:SendTestRunMessage: Starting.
TpTrace Information: 0 : 19360, 9, 2022/01/09, 23:04:26.852, 19866147968209, vstest.console.dll, TestRunRequest:SendTestRunMessage: Completed.
TpTrace Verbose: 0 : 19360, 9, 2022/01/09, 23:04:26.852, 19866147969691, vstest.console.dll, TcpClientExtensions.MessageLoopAsync: Polling on remoteEndPoint: 127.0.0.1:61943 localEndPoint: 127.0.0.1:61942
TpTrace Verbose: 0 : 19360, 9, 2022/01/09, 23:04:27.057, 19866150025050, vstest.console.dll, TcpClientExtensions.MessageLoopAsync: NotifyDataAvailable remoteEndPoint: 127.0.0.1:61943 localEndPoint: 127.0.0.1:61942
TpTrace Verbose: 0 : 19360, 9, 2022/01/09, 23:04:27.058, 19866150026980, vstest.console.dll, TestRequestSender.OnExecutionMessageReceived: Received message: {"Version":5,"MessageType":"TestSession.Message","Payload":{"MessageLevel":0,"Message":"[xUnit.net 00:00:04.07]   Discovered:  ToD.Tests"}}
TpTrace Verbose: 0 : 19360, 9, 2022/01/09, 23:04:27.058, 19866150029089, vstest.console.dll, TestRunRequest:SendTestRunMessage: Starting.
TpTrace Information: 0 : 19360, 9, 2022/01/09, 23:04:27.058, 19866150030096, vstest.console.dll, TestRunRequest:SendTestRunMessage: Completed.
TpTrace Verbose: 0 : 19360, 9, 2022/01/09, 23:04:27.058, 19866150030666, vstest.console.dll, TcpClientExtensions.MessageLoopAsync: Polling on remoteEndPoint: 127.0.0.1:61943 localEndPoint: 127.0.0.1:61942
TpTrace Verbose: 0 : 19360, 9, 2022/01/09, 23:04:27.064, 19866150096122, vstest.console.dll, TcpClientExtensions.MessageLoopAsync: NotifyDataAvailable remoteEndPoint: 127.0.0.1:61943 localEndPoint: 127.0.0.1:61942
TpTrace Verbose: 0 : 19360, 9, 2022/01/09, 23:04:27.065, 19866150097922, vstest.console.dll, TestRequestSender.OnExecutionMessageReceived: Received message: {"Version":5,"MessageType":"TestSession.Message","Payload":{"MessageLevel":0,"Message":"[xUnit.net 00:00:04.07]   Starting:    ToD.Tests"}}
TpTrace Verbose: 0 : 19360, 9, 2022/01/09, 23:04:27.065, 19866150100388, vstest.console.dll, TestRunRequest:SendTestRunMessage: Starting.
TpTrace Information: 0 : 19360, 9, 2022/01/09, 23:04:27.065, 19866150102166, vstest.console.dll, TestRunRequest:SendTestRunMessage: Completed.
TpTrace Verbose: 0 : 19360, 9, 2022/01/09, 23:04:27.065, 19866150102856, vstest.console.dll, TcpClientExtensions.MessageLoopAsync: Polling on remoteEndPoint: 127.0.0.1:61943 localEndPoint: 127.0.0.1:61942
TpTrace Verbose: 0 : 19360, 9, 2022/01/09, 23:04:27.205, 19866151506133, vstest.console.dll, TcpClientExtensions.MessageLoopAsync: NotifyDataAvailable remoteEndPoint: 127.0.0.1:61943 localEndPoint: 127.0.0.1:61942
TpTrace Verbose: 0 : 19360, 9, 2022/01/09, 23:04:27.206, 19866151508452, vstest.console.dll, TestRequestSender.OnExecutionMessageReceived: Received message: {"Version":5,"MessageType":"TestExecution.StatsChange","Payload":{"NewTestResults":[],"TestRunStatistics":{"ExecutedTests":0,"Stats":{}},"ActiveTests":[{"Id":"1160b398-0391-6b6b-2987-7a30b05916f8","FullyQualifiedName":"ToD.Tests.BLLTest.BookTicket_AndCheck_UnitOfWork","DisplayName":"ToD.Tests.BLLTest.BookTicket_AndCheck_UnitOfWork(showid: 1, Seat: 5)","ExecutorUri":"executor://xunit/VsTestRunner2/netcoreapp","Source":"C:\\Users\\asus\\Documents\\GitHub\\Theatre\\TheatreOfDreams\\ToD.Tests\\bin\\Debug\\netcoreapp3.1\\fine-code-coverage\\build-output\\ToD.Tests.dll","CodeFilePath":null,"LineNumber":0,"Properties":[]}]}}
TpTrace Verbose: 0 : 19360, 9, 2022/01/09, 23:04:27.229, 19866151740882, vstest.console.dll, TestRunRequest:SendTestRunStatsChange: Starting.
TpTrace Verbose: 0 : 19360, 9, 2022/01/09, 23:04:27.229, 19866151742947, vstest.console.dll, InProgress is ToD.Tests.BLLTest.BookTicket_AndCheck_UnitOfWork(showid: 1, Seat: 5)
TpTrace Information: 0 : 19360, 9, 2022/01/09, 23:04:27.229, 19866151744429, vstest.console.dll, TestRunRequest:SendTestRunStatsChange: Completed.
TpTrace Verbose: 0 : 19360, 9, 2022/01/09, 23:04:27.229, 19866151745078, vstest.console.dll, TcpClientExtensions.MessageLoopAsync: Polling on remoteEndPoint: 127.0.0.1:61943 localEndPoint: 127.0.0.1:61942
TpTrace Verbose: 0 : 19360, 9, 2022/01/09, 23:04:28.237, 19866161823526, vstest.console.dll, TcpClientExtensions.MessageLoopAsync: Polling on remoteEndPoint: 127.0.0.1:61943 localEndPoint: 127.0.0.1:61942
TpTrace Verbose: 0 : 19360, 9, 2022/01/09, 23:04:28.729, 19866166740648, vstest.console.dll, TcpClientExtensions.MessageLoopAsync: NotifyDataAvailable remoteEndPoint: 127.0.0.1:61943 localEndPoint: 127.0.0.1:61942
TpTrace Verbose: 0 : 19360, 9, 2022/01/09, 23:04:28.730, 19866166747380, vstest.console.dll, TestRequestSender.OnExecutionMessageReceived: Received message: {"Version":5,"MessageType":"TestExecution.StatsChange","Payload":{"NewTestResults":[],"TestRunStatistics":{"ExecutedTests":0,"Stats":{}},"ActiveTests":[{"Id":"9bf4c141-8e1a-17f2-f912-2ffcb4cadfd3","FullyQualifiedName":"ToD.Tests.DALTest.TakesId_ShouldReturnName","DisplayName":"ToD.Tests.DALTest.TakesId_ShouldReturnName(id: 1)","ExecutorUri":"executor://xunit/VsTestRunner2/netcoreapp","Source":"C:\\Users\\asus\\Documents\\GitHub\\Theatre\\TheatreOfDreams\\ToD.Tests\\bin\\Debug\\netcoreapp3.1\\fine-code-coverage\\build-output\\ToD.Tests.dll","CodeFilePath":null,"LineNumber":0,"Properties":[]}]}}
TpTrace Verbose: 0 : 19360, 9, 2022/01/09, 23:04:28.731, 19866166759529, vstest.console.dll, TestRunRequest:SendTestRunStatsChange: Starting.
TpTrace Verbose: 0 : 19360, 9, 2022/01/09, 23:04:28.731, 19866166761440, vstest.console.dll, InProgress is ToD.Tests.DALTest.TakesId_ShouldReturnName(id: 1)
TpTrace Information: 0 : 19360, 9, 2022/01/09, 23:04:28.731, 19866166762881, vstest.console.dll, TestRunRequest:SendTestRunStatsChange: Completed.
TpTrace Verbose: 0 : 19360, 9, 2022/01/09, 23:04:28.731, 19866166765847, vstest.console.dll, TcpClientExtensions.MessageLoopAsync: Polling on remoteEndPoint: 127.0.0.1:61943 localEndPoint: 127.0.0.1:61942
TpTrace Verbose: 0 : 19360, 9, 2022/01/09, 23:04:29.737, 19866176825244, vstest.console.dll, TcpClientExtensions.MessageLoopAsync: Polling on remoteEndPoint: 127.0.0.1:61943 localEndPoint: 127.0.0.1:61942
TpTrace Verbose: 0 : 19360, 9, 2022/01/09, 23:04:30.751, 19866186962570, vstest.console.dll, TcpClientExtensions.MessageLoopAsync: Polling on remoteEndPoint: 127.0.0.1:61943 localEndPoint: 127.0.0.1:61942
TpTrace Verbose: 0 : 19360, 9, 2022/01/09, 23:04:31.765, 19866197100555, vstest.console.dll, TcpClientExtensions.MessageLoopAsync: Polling on remoteEndPoint: 127.0.0.1:61943 localEndPoint: 127.0.0.1:61942
TpTrace Verbose: 0 : 19360, 9, 2022/01/09, 23:04:32.769, 19866207137056, vstest.console.dll, TcpClientExtensions.MessageLoopAsync: Polling on remoteEndPoint: 127.0.0.1:61943 localEndPoint: 127.0.0.1:61942
TpTrace Verbose: 0 : 19360, 9, 2022/01/09, 23:04:33.782, 19866217273666, vstest.console.dll, TcpClientExtensions.MessageLoopAsync: Polling on remoteEndPoint: 127.0.0.1:61943 localEndPoint: 127.0.0.1:61942
TpTrace Verbose: 0 : 19360, 9, 2022/01/09, 23:04:34.783, 19866227286034, vstest.console.dll, TcpClientExtensions.MessageLoopAsync: Polling on remoteEndPoint: 127.0.0.1:61943 localEndPoint: 127.0.0.1:61942
TpTrace Verbose: 0 : 19360, 9, 2022/01/09, 23:04:35.796, 19866237407217, vstest.console.dll, TcpClientExtensions.MessageLoopAsync: Polling on remoteEndPoint: 127.0.0.1:61943 localEndPoint: 127.0.0.1:61942
TpTrace Verbose: 0 : 19360, 9, 2022/01/09, 23:04:35.984, 19866239295406, vstest.console.dll, TcpClientExtensions.MessageLoopAsync: NotifyDataAvailable remoteEndPoint: 127.0.0.1:61943 localEndPoint: 127.0.0.1:61942
TpTrace Verbose: 0 : 19360, 9, 2022/01/09, 23:04:35.985, 19866239299174, vstest.console.dll, TestRequestSender.OnExecutionMessageReceived: Received message: {"Version":5,"MessageType":"TestExecution.StatsChange","Payload":{"NewTestResults":[{"TestCase":{"Id":"9bf4c141-8e1a-17f2-f912-2ffcb4cadfd3","FullyQualifiedName":"ToD.Tests.DALTest.TakesId_ShouldReturnName","DisplayName":"ToD.Tests.DALTest.TakesId_ShouldReturnName(id: 1)","ExecutorUri":"executor://xunit/VsTestRunner2/netcoreapp","Source":"C:\\Users\\asus\\Documents\\GitHub\\Theatre\\TheatreOfDreams\\ToD.Tests\\bin\\Debug\\netcoreapp3.1\\fine-code-coverage\\build-output\\ToD.Tests.dll","CodeFilePath":null,"LineNumber":0,"Properties":[]},"Attachments":[],"Outcome":1,"ErrorMessage":null,"ErrorStackTrace":null,"DisplayName":"ToD.Tests.DALTest.TakesId_ShouldReturnName(id: 1)","Messages":[],"ComputerName":"DESKTOP-8NQ4BUR","Duration":"00:00:08.7401590","StartTime":"2022-01-09T21:04:35.9273768+00:00","EndTime":"2022-01-09T21:04:35.9274406+00:00","Properties":[]}],"TestRunStatistics":{"ExecutedTests":1,"Stats":{"Passed":1}},"ActiveTests":[{"Id":"67f87911-445a-9f9a-c87a-8fd717dbff08","FullyQualifiedName":"ToD.Tests.DALTest.ShowRepo_CreatesNewShow","DisplayName":"ToD.Tests.DALTest.ShowRepo_CreatesNewShow","ExecutorUri":"executor://xunit/VsTestRunner2/netcoreapp","Source":"C:\\Users\\asus\\Documents\\GitHub\\Theatre\\TheatreOfDreams\\ToD.Tests\\bin\\Debug\\netcoreapp3.1\\fine-code-coverage\\build-output\\ToD.Tests.dll","CodeFilePath":null,"LineNumber":0,"Properties":[]}]}}
TpTrace Verbose: 0 : 19360, 9, 2022/01/09, 23:04:35.999, 19866239445956, vstest.console.dll, TestRunRequest:SendTestRunStatsChange: Starting.
TpTrace Verbose: 0 : 19360, 9, 2022/01/09, 23:04:36.000, 19866239447430, vstest.console.dll, InProgress is ToD.Tests.DALTest.ShowRepo_CreatesNewShow
TpTrace Information: 0 : 19360, 9, 2022/01/09, 23:04:36.000, 19866239449636, vstest.console.dll, TestRunRequest:SendTestRunStatsChange: Completed.
TpTrace Verbose: 0 : 19360, 9, 2022/01/09, 23:04:36.000, 19866239450291, vstest.console.dll, TcpClientExtensions.MessageLoopAsync: Polling on remoteEndPoint: 127.0.0.1:61943 localEndPoint: 127.0.0.1:61942
TpTrace Verbose: 0 : 19360, 9, 2022/01/09, 23:04:36.000, 19866239450997, vstest.console.dll, TcpClientExtensions.MessageLoopAsync: NotifyDataAvailable remoteEndPoint: 127.0.0.1:61943 localEndPoint: 127.0.0.1:61942
TpTrace Verbose: 0 : 19360, 9, 2022/01/09, 23:04:36.000, 19866239452085, vstest.console.dll, TestRequestSender.OnExecutionMessageReceived: Received message: {"Version":5,"MessageType":"TestSession.Message","Payload":{"MessageLevel":2,"Message":"[xUnit.net 00:00:13.01]     ToD.Tests.BLLTest.BookTicket_AndCheck_UnitOfWork(showid: 1, Seat: 5) [FAIL]"}}
TpTrace Verbose: 0 : 19360, 9, 2022/01/09, 23:04:36.000, 19866239453766, vstest.console.dll, TestRunRequest:SendTestRunMessage: Starting.
TpTrace Information: 0 : 19360, 9, 2022/01/09, 23:04:36.000, 19866239454626, vstest.console.dll, TestRunRequest:SendTestRunMessage: Completed.
TpTrace Verbose: 0 : 19360, 9, 2022/01/09, 23:04:36.000, 19866239455149, vstest.console.dll, TcpClientExtensions.MessageLoopAsync: Polling on remoteEndPoint: 127.0.0.1:61943 localEndPoint: 127.0.0.1:61942
TpTrace Verbose: 0 : 19360, 9, 2022/01/09, 23:04:36.001, 19866239465102, vstest.console.dll, TcpClientExtensions.MessageLoopAsync: NotifyDataAvailable remoteEndPoint: 127.0.0.1:61943 localEndPoint: 127.0.0.1:61942
TpTrace Verbose: 0 : 19360, 9, 2022/01/09, 23:04:36.002, 19866239466808, vstest.console.dll, TestRequestSender.OnExecutionMessageReceived: Received message: {"Version":5,"MessageType":"TestSession.Message","Payload":{"MessageLevel":0,"Message":"[xUnit.net 00:00:13.01]       System.InvalidCastException : Unable to cast object of type 'System.Data.Entity.Infrastructure.DbQuery`1[DAL.Entities.Ticket]' to type 'System.Collections.Generic.List`1[DAL.Entities.Ticket]'."}}
TpTrace Verbose: 0 : 19360, 9, 2022/01/09, 23:04:36.002, 19866239469329, vstest.console.dll, TestRunRequest:SendTestRunMessage: Starting.
TpTrace Information: 0 : 19360, 9, 2022/01/09, 23:04:36.002, 19866239471564, vstest.console.dll, TestRunRequest:SendTestRunMessage: Completed.
TpTrace Verbose: 0 : 19360, 9, 2022/01/09, 23:04:36.002, 19866239472188, vstest.console.dll, TcpClientExtensions.MessageLoopAsync: Polling on remoteEndPoint: 127.0.0.1:61943 localEndPoint: 127.0.0.1:61942
TpTrace Verbose: 0 : 19360, 9, 2022/01/09, 23:04:36.003, 19866239479829, vstest.console.dll, TcpClientExtensions.MessageLoopAsync: NotifyDataAvailable remoteEndPoint: 127.0.0.1:61943 localEndPoint: 127.0.0.1:61942
TpTrace Verbose: 0 : 19360, 9, 2022/01/09, 23:04:36.003, 19866239481474, vstest.console.dll, TestRequestSender.OnExecutionMessageReceived: Received message: {"Version":5,"MessageType":"TestSession.Message","Payload":{"MessageLevel":0,"Message":"[xUnit.net 00:00:13.01]       Stack Trace:"}}
TpTrace Verbose: 0 : 19360, 9, 2022/01/09, 23:04:36.003, 19866239483170, vstest.console.dll, TestRunRequest:SendTestRunMessage: Starting.
TpTrace Information: 0 : 19360, 9, 2022/01/09, 23:04:36.003, 19866239484021, vstest.console.dll, TestRunRequest:SendTestRunMessage: Completed.
TpTrace Verbose: 0 : 19360, 9, 2022/01/09, 23:04:36.003, 19866239484549, vstest.console.dll, TcpClientExtensions.MessageLoopAsync: Polling on remoteEndPoint: 127.0.0.1:61943 localEndPoint: 127.0.0.1:61942
TpTrace Verbose: 0 : 19360, 9, 2022/01/09, 23:04:36.004, 19866239489539, vstest.console.dll, TcpClientExtensions.MessageLoopAsync: NotifyDataAvailable remoteEndPoint: 127.0.0.1:61943 localEndPoint: 127.0.0.1:61942
TpTrace Verbose: 0 : 19360, 9, 2022/01/09, 23:04:36.004, 19866239490837, vstest.console.dll, TestRequestSender.OnExecutionMessageReceived: Received message: {"Version":5,"MessageType":"TestSession.Message","Payload":{"MessageLevel":0,"Message":"[xUnit.net 00:00:13.01]         C:\\Users\\asus\\Documents\\GitHub\\Theatre\\TheatreOfDreams\\DAL\\Repositories\\TicketRepository.cs(63,0): at DAL.Repositories.TicketRepository.GetFrom1Show1(Int32 id)"}}
TpTrace Verbose: 0 : 19360, 9, 2022/01/09, 23:04:36.004, 19866239492548, vstest.console.dll, TestRunRequest:SendTestRunMessage: Starting.
TpTrace Information: 0 : 19360, 9, 2022/01/09, 23:04:36.004, 19866239493677, vstest.console.dll, TestRunRequest:SendTestRunMessage: Completed.
TpTrace Verbose: 0 : 19360, 9, 2022/01/09, 23:04:36.004, 19866239494206, vstest.console.dll, TcpClientExtensions.MessageLoopAsync: Polling on remoteEndPoint: 127.0.0.1:61943 localEndPoint: 127.0.0.1:61942
TpTrace Verbose: 0 : 19360, 9, 2022/01/09, 23:04:36.004, 19866239494810, vstest.console.dll, TcpClientExtensions.MessageLoopAsync: NotifyDataAvailable remoteEndPoint: 127.0.0.1:61943 localEndPoint: 127.0.0.1:61942
TpTrace Verbose: 0 : 19360, 9, 2022/01/09, 23:04:36.004, 19866239495624, vstest.console.dll, TestRequestSender.OnExecutionMessageReceived: Received message: {"Version":5,"MessageType":"TestSession.Message","Payload":{"MessageLevel":0,"Message":"[xUnit.net 00:00:13.01]         C:\\Users\\asus\\Documents\\GitHub\\Theatre\\TheatreOfDreams\\BLL\\Servises\\OrderServise.cs(25,0): at BLL.Servises.OrderService.BookTicket(Int32 showId, Int32 seat)"}}
TpTrace Verbose: 0 : 19360, 9, 2022/01/09, 23:04:36.005, 19866239497247, vstest.console.dll, TestRunRequest:SendTestRunMessage: Starting.
TpTrace Information: 0 : 19360, 9, 2022/01/09, 23:04:36.005, 19866239498025, vstest.console.dll, TestRunRequest:SendTestRunMessage: Completed.
TpTrace Verbose: 0 : 19360, 9, 2022/01/09, 23:04:36.005, 19866239498532, vstest.console.dll, TcpClientExtensions.MessageLoopAsync: Polling on remoteEndPoint: 127.0.0.1:61943 localEndPoint: 127.0.0.1:61942
TpTrace Verbose: 0 : 19360, 9, 2022/01/09, 23:04:36.005, 19866239499079, vstest.console.dll, TcpClientExtensions.MessageLoopAsync: NotifyDataAvailable remoteEndPoint: 127.0.0.1:61943 localEndPoint: 127.0.0.1:61942
TpTrace Verbose: 0 : 19360, 9, 2022/01/09, 23:04:36.005, 19866239499829, vstest.console.dll, TestRequestSender.OnExecutionMessageReceived: Received message: {"Version":5,"MessageType":"TestSession.Message","Payload":{"MessageLevel":0,"Message":"[xUnit.net 00:00:13.01]         C:\\Users\\asus\\Documents\\GitHub\\Theatre\\TheatreOfDreams\\ToD.Tests\\BLL.Test.cs(23,0): at ToD.Tests.BLLTest.BookTicket_AndCheck_UnitOfWork(Int32 showid, Int32 Seat)"}}
TpTrace Verbose: 0 : 19360, 9, 2022/01/09, 23:04:36.005, 19866239501131, vstest.console.dll, TestRunRequest:SendTestRunMessage: Starting.
TpTrace Information: 0 : 19360, 9, 2022/01/09, 23:04:36.005, 19866239502206, vstest.console.dll, TestRunRequest:SendTestRunMessage: Completed.
TpTrace Verbose: 0 : 19360, 9, 2022/01/09, 23:04:36.005, 19866239502881, vstest.console.dll, TcpClientExtensions.MessageLoopAsync: Polling on remoteEndPoint: 127.0.0.1:61943 localEndPoint: 127.0.0.1:61942
TpTrace Verbose: 0 : 19360, 9, 2022/01/09, 23:04:36.237, 19866241821120, vstest.console.dll, TcpClientExtensions.MessageLoopAsync: NotifyDataAvailable remoteEndPoint: 127.0.0.1:61943 localEndPoint: 127.0.0.1:61942
TpTrace Verbose: 0 : 19360, 9, 2022/01/09, 23:04:36.237, 19866241823480, vstest.console.dll, TestRequestSender.OnExecutionMessageReceived: Received message: {"Version":5,"MessageType":"TestSession.Message","Payload":{"MessageLevel":2,"Message":"[xUnit.net 00:00:13.25]     ToD.Tests.DALTest.ShowRepo_UpdateShowINDatabase [FAIL]"}}
TpTrace Verbose: 0 : 19360, 9, 2022/01/09, 23:04:36.237, 19866241825763, vstest.console.dll, TestRunRequest:SendTestRunMessage: Starting.
TpTrace Information: 0 : 19360, 9, 2022/01/09, 23:04:36.238, 19866241827091, vstest.console.dll, TestRunRequest:SendTestRunMessage: Completed.
TpTrace Verbose: 0 : 19360, 9, 2022/01/09, 23:04:36.238, 19866241827812, vstest.console.dll, TcpClientExtensions.MessageLoopAsync: Polling on remoteEndPoint: 127.0.0.1:61943 localEndPoint: 127.0.0.1:61942
TpTrace Verbose: 0 : 19360, 9, 2022/01/09, 23:04:36.238, 19866241828589, vstest.console.dll, TcpClientExtensions.MessageLoopAsync: NotifyDataAvailable remoteEndPoint: 127.0.0.1:61943 localEndPoint: 127.0.0.1:61942
TpTrace Verbose: 0 : 19360, 9, 2022/01/09, 23:04:36.238, 19866241829640, vstest.console.dll, TestRequestSender.OnExecutionMessageReceived: Received message: {"Version":5,"MessageType":"TestSession.Message","Payload":{"MessageLevel":0,"Message":"[xUnit.net 00:00:13.25]       Assert.Equal() Failure"}}
TpTrace Verbose: 0 : 19360, 9, 2022/01/09, 23:04:36.238, 19866241831298, vstest.console.dll, TestRunRequest:SendTestRunMessage: Starting.
TpTrace Information: 0 : 19360, 9, 2022/01/09, 23:04:36.238, 19866241832213, vstest.console.dll, TestRunRequest:SendTestRunMessage: Completed.
TpTrace Verbose: 0 : 19360, 9, 2022/01/09, 23:04:36.238, 19866241832998, vstest.console.dll, TcpClientExtensions.MessageLoopAsync: Polling on remoteEndPoint: 127.0.0.1:61943 localEndPoint: 127.0.0.1:61942
TpTrace Verbose: 0 : 19360, 9, 2022/01/09, 23:04:36.238, 19866241834023, vstest.console.dll, TcpClientExtensions.MessageLoopAsync: NotifyDataAvailable remoteEndPoint: 127.0.0.1:61943 localEndPoint: 127.0.0.1:61942
TpTrace Verbose: 0 : 19360, 9, 2022/01/09, 23:04:36.238, 19866241834970, vstest.console.dll, TestRequestSender.OnExecutionMessageReceived: Received message: {"Version":5,"MessageType":"TestSession.Message","Payload":{"MessageLevel":0,"Message":"[xUnit.net 00:00:13.25]                 ↓ (pos 0)"}}
TpTrace Verbose: 0 : 19360, 9, 2022/01/09, 23:04:36.239, 19866241836757, vstest.console.dll, TestRunRequest:SendTestRunMessage: Starting.
TpTrace Information: 0 : 19360, 9, 2022/01/09, 23:04:36.239, 19866241837681, vstest.console.dll, TestRunRequest:SendTestRunMessage: Completed.
TpTrace Verbose: 0 : 19360, 9, 2022/01/09, 23:04:36.239, 19866241838739, vstest.console.dll, TcpClientExtensions.MessageLoopAsync: Polling on remoteEndPoint: 127.0.0.1:61943 localEndPoint: 127.0.0.1:61942
TpTrace Verbose: 0 : 19360, 9, 2022/01/09, 23:04:36.239, 19866241839481, vstest.console.dll, TcpClientExtensions.MessageLoopAsync: NotifyDataAvailable remoteEndPoint: 127.0.0.1:61943 localEndPoint: 127.0.0.1:61942
TpTrace Verbose: 0 : 19360, 9, 2022/01/09, 23:04:36.239, 19866241840555, vstest.console.dll, TestRequestSender.OnExecutionMessageReceived: Received message: {"Version":5,"MessageType":"TestSession.Message","Payload":{"MessageLevel":0,"Message":"[xUnit.net 00:00:13.25]       Expected: Me"}}
TpTrace Verbose: 0 : 19360, 9, 2022/01/09, 23:04:36.239, 19866241842194, vstest.console.dll, TestRunRequest:SendTestRunMessage: Starting.
TpTrace Information: 0 : 19360, 9, 2022/01/09, 23:04:36.239, 19866241843429, vstest.console.dll, TestRunRequest:SendTestRunMessage: Completed.
TpTrace Verbose: 0 : 19360, 9, 2022/01/09, 23:04:36.239, 19866241844132, vstest.console.dll, TcpClientExtensions.MessageLoopAsync: Polling on remoteEndPoint: 127.0.0.1:61943 localEndPoint: 127.0.0.1:61942
TpTrace Verbose: 0 : 19360, 9, 2022/01/09, 23:04:36.239, 19866241844879, vstest.console.dll, TcpClientExtensions.MessageLoopAsync: NotifyDataAvailable remoteEndPoint: 127.0.0.1:61943 localEndPoint: 127.0.0.1:61942
TpTrace Verbose: 0 : 19360, 9, 2022/01/09, 23:04:36.239, 19866241845973, vstest.console.dll, TestRequestSender.OnExecutionMessageReceived: Received message: {"Version":5,"MessageType":"TestSession.Message","Payload":{"MessageLevel":0,"Message":"[xUnit.net 00:00:13.25]       Actual:   The Nutcracker"}}
TpTrace Verbose: 0 : 19360, 9, 2022/01/09, 23:04:36.240, 19866241847557, vstest.console.dll, TestRunRequest:SendTestRunMessage: Starting.
TpTrace Information: 0 : 19360, 9, 2022/01/09, 23:04:36.240, 19866241848556, vstest.console.dll, TestRunRequest:SendTestRunMessage: Completed.
TpTrace Verbose: 0 : 19360, 9, 2022/01/09, 23:04:36.240, 19866241849201, vstest.console.dll, TcpClientExtensions.MessageLoopAsync: Polling on remoteEndPoint: 127.0.0.1:61943 localEndPoint: 127.0.0.1:61942
TpTrace Verbose: 0 : 19360, 9, 2022/01/09, 23:04:36.240, 19866241849873, vstest.console.dll, TcpClientExtensions.MessageLoopAsync: NotifyDataAvailable remoteEndPoint: 127.0.0.1:61943 localEndPoint: 127.0.0.1:61942
TpTrace Verbose: 0 : 19360, 9, 2022/01/09, 23:04:36.240, 19866241850715, vstest.console.dll, TestRequestSender.OnExecutionMessageReceived: Received message: {"Version":5,"MessageType":"TestSession.Message","Payload":{"MessageLevel":0,"Message":"[xUnit.net 00:00:13.25]                 ↑ (pos 0)"}}
TpTrace Verbose: 0 : 19360, 9, 2022/01/09, 23:04:36.247, 19866241924010, vstest.console.dll, TestRunRequest:SendTestRunMessage: Starting.
TpTrace Information: 0 : 19360, 9, 2022/01/09, 23:04:36.247, 19866241926269, vstest.console.dll, TestRunRequest:SendTestRunMessage: Completed.
TpTrace Verbose: 0 : 19360, 9, 2022/01/09, 23:04:36.248, 19866241927170, vstest.console.dll, TcpClientExtensions.MessageLoopAsync: Polling on remoteEndPoint: 127.0.0.1:61943 localEndPoint: 127.0.0.1:61942
TpTrace Verbose: 0 : 19360, 9, 2022/01/09, 23:04:36.248, 19866241928142, vstest.console.dll, TcpClientExtensions.MessageLoopAsync: NotifyDataAvailable remoteEndPoint: 127.0.0.1:61943 localEndPoint: 127.0.0.1:61942
TpTrace Verbose: 0 : 19360, 9, 2022/01/09, 23:04:36.248, 19866241929299, vstest.console.dll, TestRequestSender.OnExecutionMessageReceived: Received message: {"Version":5,"MessageType":"TestSession.Message","Payload":{"MessageLevel":0,"Message":"[xUnit.net 00:00:13.25]       Stack Trace:"}}
TpTrace Verbose: 0 : 19360, 9, 2022/01/09, 23:04:36.248, 19866241930784, vstest.console.dll, TestRunRequest:SendTestRunMessage: Starting.
TpTrace Information: 0 : 19360, 9, 2022/01/09, 23:04:36.248, 19866241931646, vstest.console.dll, TestRunRequest:SendTestRunMessage: Completed.
TpTrace Verbose: 0 : 19360, 9, 2022/01/09, 23:04:36.248, 19866241932283, vstest.console.dll, TcpClientExtensions.MessageLoopAsync: Polling on remoteEndPoint: 127.0.0.1:61943 localEndPoint: 127.0.0.1:61942
TpTrace Verbose: 0 : 19360, 9, 2022/01/09, 23:04:36.248, 19866241932974, vstest.console.dll, TcpClientExtensions.MessageLoopAsync: NotifyDataAvailable remoteEndPoint: 127.0.0.1:61943 localEndPoint: 127.0.0.1:61942
TpTrace Verbose: 0 : 19360, 9, 2022/01/09, 23:04:36.248, 19866241933891, vstest.console.dll, TestRequestSender.OnExecutionMessageReceived: Received message: {"Version":5,"MessageType":"TestSession.Message","Payload":{"MessageLevel":0,"Message":"[xUnit.net 00:00:13.25]         C:\\Users\\asus\\Documents\\GitHub\\Theatre\\TheatreOfDreams\\ToD.Tests\\DAL.Test.cs(47,0): at ToD.Tests.DALTest.ShowRepo_UpdateShowINDatabase()"}}
TpTrace Verbose: 0 : 19360, 9, 2022/01/09, 23:04:36.248, 19866241935256, vstest.console.dll, TestRunRequest:SendTestRunMessage: Starting.
TpTrace Information: 0 : 19360, 9, 2022/01/09, 23:04:36.248, 19866241936098, vstest.console.dll, TestRunRequest:SendTestRunMessage: Completed.
TpTrace Verbose: 0 : 19360, 9, 2022/01/09, 23:04:36.249, 19866241936829, vstest.console.dll, TcpClientExtensions.MessageLoopAsync: Polling on remoteEndPoint: 127.0.0.1:61943 localEndPoint: 127.0.0.1:61942
TpTrace Verbose: 0 : 19360, 9, 2022/01/09, 23:04:36.249, 19866241937520, vstest.console.dll, TcpClientExtensions.MessageLoopAsync: NotifyDataAvailable remoteEndPoint: 127.0.0.1:61943 localEndPoint: 127.0.0.1:61942
TpTrace Verbose: 0 : 19360, 9, 2022/01/09, 23:04:36.249, 19866241938370, vstest.console.dll, TestRequestSender.OnExecutionMessageReceived: Received message: {"Version":5,"MessageType":"TestSession.Message","Payload":{"MessageLevel":0,"Message":"[xUnit.net 00:00:13.25]   Finished:    ToD.Tests"}}
TpTrace Verbose: 0 : 19360, 9, 2022/01/09, 23:04:36.249, 19866241939597, vstest.console.dll, TestRunRequest:SendTestRunMessage: Starting.
TpTrace Information: 0 : 19360, 9, 2022/01/09, 23:04:36.249, 19866241940411, vstest.console.dll, TestRunRequest:SendTestRunMessage: Completed.
TpTrace Verbose: 0 : 19360, 9, 2022/01/09, 23:04:36.249, 19866241941024, vstest.console.dll, TcpClientExtensions.MessageLoopAsync: Polling on remoteEndPoint: 127.0.0.1:61943 localEndPoint: 127.0.0.1:61942
TpTrace Verbose: 0 : 19360, 9, 2022/01/09, 23:04:36.282, 19866242275079, vstest.console.dll, TcpClientExtensions.MessageLoopAsync: NotifyDataAvailable remoteEndPoint: 127.0.0.1:61943 localEndPoint: 127.0.0.1:61942
TpTrace Verbose: 0 : 19360, 9, 2022/01/09, 23:04:36.283, 19866242278141, vstest.console.dll, TestRequestSender.OnExecutionMessageReceived: Received message: {"Version":5,"MessageType":"TestExecution.Completed","Payload":{"TestRunCompleteArgs":{"TestRunStatistics":{"ExecutedTests":4,"Stats":{"Passed":2,"Failed":2}},"IsCanceled":false,"IsAborted":false,"Error":null,"AttachmentSets":[],"ElapsedTimeInRunningTests":"00:00:13.2793553","Metrics":{}},"LastRunTests":{"NewTestResults":[{"TestCase":{"Id":"67f87911-445a-9f9a-c87a-8fd717dbff08","FullyQualifiedName":"ToD.Tests.DALTest.ShowRepo_CreatesNewShow","DisplayName":"ToD.Tests.DALTest.ShowRepo_CreatesNewShow","ExecutorUri":"executor://xunit/VsTestRunner2/netcoreapp","Source":"C:\\Users\\asus\\Documents\\GitHub\\Theatre\\TheatreOfDreams\\ToD.Tests\\bin\\Debug\\netcoreapp3.1\\fine-code-coverage\\build-output\\ToD.Tests.dll","CodeFilePath":null,"LineNumber":0,"Properties":[]},"Attachments":[],"Outcome":1,"ErrorMessage":null,"ErrorStackTrace":null,"DisplayName":"ToD.Tests.DALTest.ShowRepo_CreatesNewShow","Messages":[],"ComputerName":"DESKTOP-8NQ4BUR","Duration":"00:00:00.0317668","StartTime":"2022-01-09T21:04:35.986784+00:00","EndTime":"2022-01-09T21:04:35.9867872+00:00","Properties":[]},{"TestCase":{"Id":"1160b398-0391-6b6b-2987-7a30b05916f8","FullyQualifiedName":"ToD.Tests.BLLTest.BookTicket_AndCheck_UnitOfWork","DisplayName":"ToD.Tests.BLLTest.BookTicket_AndCheck_UnitOfWork(showid: 1, Seat: 5)","ExecutorUri":"executor://xunit/VsTestRunner2/netcoreapp","Source":"C:\\Users\\asus\\Documents\\GitHub\\Theatre\\TheatreOfDreams\\ToD.Tests\\bin\\Debug\\netcoreapp3.1\\fine-code-coverage\\build-output\\ToD.Tests.dll","CodeFilePath":null,"LineNumber":0,"Properties":[]},"Attachments":[],"Outcome":2,"ErrorMessage":"System.InvalidCastException : Unable to cast object of type 'System.Data.Entity.Infrastructure.DbQuery`1[DAL.Entities.Ticket]' to type 'System.Collections.Generic.List`1[DAL.Entities.Ticket]'.","ErrorStackTrace":"   at DAL.Repositories.TicketRepository.GetFrom1Show1(Int32 id) in C:\\Users\\asus\\Documents\\GitHub\\Theatre\\TheatreOfDreams\\DAL\\Repositories\\TicketRepository.cs:line 63\r\n   at BLL.Servises.OrderService.BookTicket(Int32 showId, Int32 seat) in C:\\Users\\asus\\Documents\\GitHub\\Theatre\\TheatreOfDreams\\BLL\\Servises\\OrderServise.cs:line 25\r\n   at ToD.Tests.BLLTest.BookTicket_AndCheck_UnitOfWork(Int32 showid, Int32 Seat) in C:\\Users\\asus\\Documents\\GitHub\\Theatre\\TheatreOfDreams\\ToD.Tests\\BLL.Test.cs:line 23","DisplayName":"ToD.Tests.BLLTest.BookTicket_AndCheck_UnitOfWork(showid: 1, Seat: 5)","Messages":[],"ComputerName":"DESKTOP-8NQ4BUR","Duration":"00:00:08.7765543","StartTime":"2022-01-09T21:04:36.0063092+00:00","EndTime":"2022-01-09T21:04:36.006312+00:00","Properties":[]},{"TestCase":{"Id":"f0448ab8-2487-0ead-c1f2-a644f6815dcf","FullyQualifiedName":"ToD.Tests.DALTest.ShowRepo_UpdateShowINDatabase","DisplayName":"ToD.Tests.DALTest.ShowRepo_UpdateShowINDatabase","ExecutorUri":"executor://xunit/VsTestRunner2/netcoreapp","Source":"C:\\Users\\asus\\Documents\\GitHub\\Theatre\\TheatreOfDreams\\ToD.Tests\\bin\\Debug\\netcoreapp3.1\\fine-code-coverage\\build-output\\ToD.Tests.dll","CodeFilePath":null,"LineNumber":0,"Properties":[]},"Attachments":[],"Outcome":2,"ErrorMessage":"Assert.Equal() Failure\r\n          ↓ (pos 0)\r\nExpected: Me\r\nActual:   The Nutcracker\r\n          ↑ (pos 0)","ErrorStackTrace":"   at ToD.Tests.DALTest.ShowRepo_UpdateShowINDatabase() in C:\\Users\\asus\\Documents\\GitHub\\Theatre\\TheatreOfDreams\\ToD.Tests\\DAL.Test.cs:line 47","DisplayName":"ToD.Tests.DALTest.ShowRepo_UpdateShowINDatabase","Messages":[],"ComputerName":"DESKTOP-8NQ4BUR","Duration":"00:00:00.2701050","StartTime":"2022-01-09T21:04:36.2398033+00:00","EndTime":"2022-01-09T21:04:36.2398052+00:00","Properties":[]}],"TestRunStatistics":{"ExecutedTests":4,"Stats":{"Passed":2,"Failed":2}},"ActiveTests":[]},"RunAttachments":[],"ExecutorUris":["executor://xunit/VsTestRunner2/netcoreapp"]}}
TpTrace Verbose: 0 : 19360, 9, 2022/01/09, 23:04:36.283, 19866242282470, vstest.console.dll, TestRequestSender.EndSession: Sending end session.
TpTrace Verbose: 0 : 19360, 9, 2022/01/09, 23:04:36.283, 19866242284691, vstest.console.dll, ProxyOperationManager.Close: waiting for test host to exit for 100 ms
TpTrace Warning: 0 : 19360, 10, 2022/01/09, 23:04:36.341, 19866242865036, vstest.console.dll, TestHostManagerCallbacks.ErrorReceivedCallback Test host standard error line: 
TpTrace Verbose: 0 : 19360, 7, 2022/01/09, 23:04:36.374, 19866243193910, vstest.console.dll, TestHostProvider.ExitCallBack: Host exited starting callback.
TpTrace Information: 0 : 19360, 7, 2022/01/09, 23:04:36.375, 19866243202944, vstest.console.dll, TestHostManagerCallbacks.ExitCallBack: Testhost processId: 5624 exited with exitcode: 0 error: ''
TpTrace Verbose: 0 : 19360, 7, 2022/01/09, 23:04:36.375, 19866243204083, vstest.console.dll, DotnetTestHostManager.OnHostExited: invoking OnHostExited callback
TpTrace Verbose: 0 : 19360, 7, 2022/01/09, 23:04:36.375, 19866243205105, vstest.console.dll, CrossPlatEngine.TestHostManagerHostExited: calling on client process exit callback.
TpTrace Information: 0 : 19360, 7, 2022/01/09, 23:04:36.375, 19866243206150, vstest.console.dll, TestRequestSender.OnClientProcessExit: Test host process exited. Standard error: 
TpTrace Warning: 0 : 19360, 9, 2022/01/09, 23:04:36.375, 19866243206710, vstest.console.dll, ProxyOperationManager: Timed out waiting for test host to exit. Will terminate process.
TpTrace Information: 0 : 19360, 7, 2022/01/09, 23:04:36.376, 19866243206993, vstest.console.dll, SocketServer.Stop: Stop server endPoint: 127.0.0.1:61942
TpTrace Information: 0 : 19360, 7, 2022/01/09, 23:04:36.376, 19866243209001, vstest.console.dll, SocketServer.Stop: Cancellation requested. Stopping message loop.
TpTrace Verbose: 0 : 19360, 9, 2022/01/09, 23:04:36.377, 19866243218728, vstest.console.dll, ProxyDataCollectionManager.InvokeDataCollectionServiceAction: Starting.
TpTrace Information: 0 : 19360, 9, 2022/01/09, 23:04:36.377, 19866243219870, vstest.console.dll, ProxyDataCollectionManager.AfterTestRunEnd: Get attachment set for datacollector processId: 19768 port: 61939
TpTrace Verbose: 0 : 19360, 9, 2022/01/09, 23:04:36.377, 19866243220846, vstest.console.dll, DataCollectionRequestSender.SendAfterTestRunStartAndGetResult : Send AfterTestRunEnd message with isCancelled: False
TpTrace Verbose: 0 : 19360, 9, 2022/01/09, 23:04:36.390, 19866243354946, vstest.console.dll, DataCollectionRequestSender.SendAfterTestRunStartAndGetResult : Received message: (DataCollection.AfterTestRunEndResult) -> {
  "AttachmentSets": [],
  "Metrics": {}
}
TpTrace Information: 0 : 19360, 9, 2022/01/09, 23:04:36.394, 19866243395154, vstest.console.dll, ProxyDataCollectionManager.InvokeDataCollectionServiceAction: Completed.
TpTrace Warning: 0 : 19360, 6, 2022/01/09, 23:04:36.397, 19866243420384, vstest.console.dll, DataCollectionLauncher.ErrorReceivedCallback datacollector standard error line: 
TpTrace Information: 0 : 19360, 7, 2022/01/09, 23:04:36.407, 19866243518196, vstest.console.dll, DataCollectionLauncher.ExitCallBack: Data collector exited with exitcode: 0 error: ''
TpTrace Verbose: 0 : 19360, 9, 2022/01/09, 23:04:36.432, 19866243774095, vstest.console.dll, TestRunRequest:SendTestRunStatsChange: Starting.
TpTrace Information: 0 : 19360, 9, 2022/01/09, 23:04:36.432, 19866243776126, vstest.console.dll, TestRunRequest:SendTestRunStatsChange: Completed.
TpTrace Verbose: 0 : 19360, 9, 2022/01/09, 23:04:36.433, 19866243780130, vstest.console.dll, ParallelProxyExecutionManager: HandlePartialRunComplete: Total completed clients = 1, Run complete = True, Run canceled: False.
TpTrace Verbose: 0 : 19360, 9, 2022/01/09, 23:04:36.513, 19866244584352, vstest.console.dll, TestRunRequest:TestRunComplete: Starting. IsAborted:False IsCanceled:False.
TpTrace Verbose: 0 : 19360, 9, 2022/01/09, 23:04:36.514, 19866244589813, vstest.console.dll, TestLoggerManager.HandleTestRunComplete: Ignoring as the object is disposed.
TpTrace Information: 0 : 19360, 9, 2022/01/09, 23:04:36.515, 19866244598573, vstest.console.dll, TestRunRequest:TestRunComplete: Completed.
TpTrace Verbose: 0 : 19360, 1, 2022/01/09, 23:04:36.515, 19866244600471, vstest.console.dll, TestRunRequest.Dispose: Starting.
TpTrace Verbose: 0 : 19360, 9, 2022/01/09, 23:04:36.515, 19866244600480, vstest.console.dll, TestRequestSender.SetOperationComplete: Setting operation complete.
TpTrace Information: 0 : 19360, 1, 2022/01/09, 23:04:36.515, 19866244603351, vstest.console.dll, TestRunRequest.Dispose: Completed.
TpTrace Information: 0 : 19360, 9, 2022/01/09, 23:04:36.515, 19866244605867, vstest.console.dll, SocketServer.Stop: Stop server endPoint: 127.0.0.1:61942
TpTrace Information: 0 : 19360, 1, 2022/01/09, 23:04:36.516, 19866244608504, vstest.console.dll, TestRequestManager.RunTests: run tests completed.
TpTrace Information: 0 : 19360, 9, 2022/01/09, 23:04:36.516, 19866244610998, vstest.console.dll, SocketServer.Stop: Cancellation requested. Stopping message loop.
TpTrace Information: 0 : 19360, 1, 2022/01/09, 23:04:36.516, 19866244612073, vstest.console.dll, RunTestsArgumentProcessor:Execute: Test run is completed.
TpTrace Information: 0 : 19360, 9, 2022/01/09, 23:04:36.516, 19866244613878, vstest.console.dll, SocketServer.PrivateStop: Stop server endPoint: 127.0.0.1:61942 error: 
TpTrace Verbose: 0 : 19360, 1, 2022/01/09, 23:04:36.517, 19866244619883, vstest.console.dll, Executor.Execute: Exiting with exit code of 1
TpTrace Verbose: 0 : 19360, 9, 2022/01/09, 23:04:36.518, 19866244634367, vstest.console.dll, LengthPrefixCommunicationChannel.Dispose: Dispose reader and writer.
